Request: Request {requestId = 0, timestampRequest = 2025-01-17 04:40:47.3965816 UTC, contentRequest = "Request 0 from client"}
Response: Response {responseId = 0, timestampResponse = 2025-01-17 04:40:47.3965816 UTC, contentResponse = "Processed: Request 0 from client"}
Latency: 0.0 seconds
-----------------------------------
Request: Request {requestId = 0, timestampRequest = 2025-01-17 04:40:47.5367279 UTC, contentRequest = "Request 0 from client"}
Response: Response {responseId = 1, timestampResponse = 2025-01-17 04:40:47.5367279 UTC, contentResponse = "Processed: Request 0 from client"}
Latency: 0.0 seconds
-----------------------------------
Request: Request {requestId = 0, timestampRequest = 2025-01-17 04:40:47.8217154 UTC, contentRequest = "Request 0 from client"}
Response: Response {responseId = 2, timestampResponse = 2025-01-17 04:40:47.8217154 UTC, contentResponse = "Processed: Request 0 from client"}
Latency: 0.0 seconds
-----------------------------------
Request: Request {requestId = 0, timestampRequest = 2025-01-17 04:40:48.2130572 UTC, contentRequest = "Request 0 from client"}
Response: Response {responseId = 3, timestampResponse = 2025-01-17 04:40:48.2130572 UTC, contentResponse = "Processed: Request 0 from client"}
Latency: 0.0 seconds
-----------------------------------
Request: Request {requestId = 0, timestampRequest = 2025-01-17 04:40:48.2607947 UTC, contentRequest = "Request 0 from client"}
Response: Response {responseId = 4, timestampResponse = 2025-01-17 04:40:48.2607947 UTC, contentResponse = "Processed: Request 0 from client"}
Latency: 0.0 seconds
-----------------------------------
Request: Request {requestId = 0, timestampRequest = 2025-01-17 04:40:49.4398596 UTC, contentRequest = "Request 0 from client"}
Response: Response {responseId = 5, timestampResponse = 2025-01-17 04:40:49.4398596 UTC, contentResponse = "Processed: Request 0 from client"}
Latency: 0.0 seconds
-----------------------------------
Request: Request {requestId = 0, timestampRequest = 2025-01-17 04:40:49.4711279 UTC, contentRequest = "Request 0 from client"}
Response: Response {responseId = 6, timestampResponse = 2025-01-17 04:40:49.4711279 UTC, contentResponse = "Processed: Request 0 from client"}
Latency: 0.0 seconds
-----------------------------------
Request: Request {requestId = 0, timestampRequest = 2025-01-17 04:40:49.9158366 UTC, contentRequest = "Request 0 from client"}
Response: Response {responseId = 7, timestampResponse = 2025-01-17 04:40:49.9158366 UTC, contentResponse = "Processed: Request 0 from client"}
Latency: 0.0 seconds
-----------------------------------
Request: Request {requestId = 0, timestampRequest = 2025-01-17 04:40:50.1833639 UTC, contentRequest = "Request 0 from client"}
Response: Response {responseId = 8, timestampResponse = 2025-01-17 04:40:50.1833639 UTC, contentResponse = "Processed: Request 0 from client"}
Latency: 0.0 seconds
-----------------------------------
Request: Request {requestId = 4, timestampRequest = 2025-01-17 04:40:50.4200047 UTC, contentRequest = "Request 4 from client"}
Response: Response {responseId = 9, timestampResponse = 2025-01-17 04:40:50.4200047 UTC, contentResponse = "Processed: Request 4 from client"}
Latency: 0.0 seconds
-----------------------------------
Request: Request {requestId = 6, timestampRequest = 2025-01-17 04:40:50.4838105 UTC, contentRequest = "Request 6 from client"}
Response: Response {responseId = 11, timestampResponse = 2025-01-17 04:40:50.4838105 UTC, contentResponse = "Processed: Request 6 from client"}
Latency: 0.0 seconds
-----------------------------------
Request: Request {requestId = 0, timestampRequest = 2025-01-17 04:40:50.5319996 UTC, contentRequest = "Request 0 from client"}
Response: Response {responseId = 11, timestampResponse = 2025-01-17 04:40:50.5319996 UTC, contentResponse = "Processed: Request 0 from client"}
Latency: 0.0 seconds
-----------------------------------
Request: Request {requestId = 5, timestampRequest = 2025-01-17 04:40:50.8473428 UTC, contentRequest = "Request 5 from client"}
Response: Response {responseId = 12, timestampResponse = 2025-01-17 04:40:50.8473428 UTC, contentResponse = "Processed: Request 5 from client"}
Latency: 0.0 seconds
-----------------------------------
Request: Request {requestId = 2, timestampRequest = 2025-01-17 04:40:51.5270119 UTC, contentRequest = "Request 2 from client"}
Response: Response {responseId = 13, timestampResponse = 2025-01-17 04:40:51.5270119 UTC, contentResponse = "Processed: Request 2 from client"}
Latency: 0.0 seconds
-----------------------------------
Request: Request {requestId = 3, timestampRequest = 2025-01-17 04:40:51.8373848 UTC, contentRequest = "Request 3 from client"}
Response: Response {responseId = 14, timestampResponse = 2025-01-17 04:40:51.8373848 UTC, contentResponse = "Processed: Request 3 from client"}
Latency: 0.0 seconds
-----------------------------------
Request: Request {requestId = 1, timestampRequest = 2025-01-17 04:40:52.0295025 UTC, contentRequest = "Request 1 from client"}
Response: Response {responseId = 15, timestampResponse = 2025-01-17 04:40:52.0295025 UTC, contentResponse = "Processed: Request 1 from client"}
Latency: 0.0 seconds
-----------------------------------
Request: Request {requestId = 7, timestampRequest = 2025-01-17 04:40:52.2612091 UTC, contentRequest = "Request 7 from client"}
Response: Response {responseId = 16, timestampResponse = 2025-01-17 04:40:52.2612091 UTC, contentResponse = "Processed: Request 7 from client"}
Latency: 0.0 seconds
-----------------------------------
Request: Request {requestId = 12, timestampRequest = 2025-01-17 04:40:52.7469621 UTC, contentRequest = "Request 12 from client"}
Response: Response {responseId = 17, timestampResponse = 2025-01-17 04:40:52.7469621 UTC, contentResponse = "Processed: Request 12 from client"}
Latency: 0.0 seconds
-----------------------------------
Request: Request {requestId = 9, timestampRequest = 2025-01-17 04:40:53.0290799 UTC, contentRequest = "Request 9 from client"}
Response: Response {responseId = 18, timestampResponse = 2025-01-17 04:40:53.0290799 UTC, contentResponse = "Processed: Request 9 from client"}
Latency: 0.0 seconds
-----------------------------------
Request: Request {requestId = 8, timestampRequest = 2025-01-17 04:40:53.1226776 UTC, contentRequest = "Request 8 from client"}
Response: Response {responseId = 19, timestampResponse = 2025-01-17 04:40:53.1226776 UTC, contentResponse = "Processed: Request 8 from client"}
Latency: 0.0 seconds
-----------------------------------
Request: Request {requestId = 17, timestampRequest = 2025-01-17 04:40:53.5054616 UTC, contentRequest = "Request 17 from client"}
Response: Response {responseId = 20, timestampResponse = 2025-01-17 04:40:53.5054616 UTC, contentResponse = "Processed: Request 17 from client"}
Latency: 0.0 seconds
-----------------------------------
Request: Request {requestId = 11, timestampRequest = 2025-01-17 04:40:53.5672643 UTC, contentRequest = "Request 11 from client"}
Response: Response {responseId = 21, timestampResponse = 2025-01-17 04:40:53.5672643 UTC, contentResponse = "Processed: Request 11 from client"}
Latency: 0.0 seconds
-----------------------------------
Request: Request {requestId = 14, timestampRequest = 2025-01-17 04:40:53.9328578 UTC, contentRequest = "Request 14 from client"}
Response: Response {responseId = 22, timestampResponse = 2025-01-17 04:40:53.9328578 UTC, contentResponse = "Processed: Request 14 from client"}
Latency: 0.0 seconds
-----------------------------------
Request: Request {requestId = 18, timestampRequest = 2025-01-17 04:40:54.1389395 UTC, contentRequest = "Request 18 from client"}
Response: Response {responseId = 23, timestampResponse = 2025-01-17 04:40:54.1389395 UTC, contentResponse = "Processed: Request 18 from client"}
Latency: 0.0 seconds
-----------------------------------
Request: Request {requestId = 10, timestampRequest = 2025-01-17 04:40:54.4075327 UTC, contentRequest = "Request 10 from client"}
Response: Response {responseId = 24, timestampResponse = 2025-01-17 04:40:54.4075327 UTC, contentResponse = "Processed: Request 10 from client"}
Latency: 0.0 seconds
-----------------------------------
Request: Request {requestId = 15, timestampRequest = 2025-01-17 04:40:54.8625101 UTC, contentRequest = "Request 15 from client"}
Response: Response {responseId = 25, timestampResponse = 2025-01-17 04:40:54.8625101 UTC, contentResponse = "Processed: Request 15 from client"}
Latency: 0.0 seconds
-----------------------------------
Request: Request {requestId = 21, timestampRequest = 2025-01-17 04:40:55.2384857 UTC, contentRequest = "Request 21 from client"}
Response: Response {responseId = 26, timestampResponse = 2025-01-17 04:40:55.2384857 UTC, contentResponse = "Processed: Request 21 from client"}
Latency: 0.0 seconds
-----------------------------------
Request: Request {requestId = 16, timestampRequest = 2025-01-17 04:40:55.3496574 UTC, contentRequest = "Request 16 from client"}
Response: Response {responseId = 27, timestampResponse = 2025-01-17 04:40:55.3496574 UTC, contentResponse = "Processed: Request 16 from client"}
Latency: 0.0 seconds
-----------------------------------
Request: Request {requestId = 22, timestampRequest = 2025-01-17 04:40:55.7257271 UTC, contentRequest = "Request 22 from client"}
Response: Response {responseId = 28, timestampResponse = 2025-01-17 04:40:55.7257271 UTC, contentResponse = "Processed: Request 22 from client"}
Latency: 0.0 seconds
-----------------------------------
Request: Request {requestId = 13, timestampRequest = 2025-01-17 04:40:55.7417901 UTC, contentRequest = "Request 13 from client"}
Response: Response {responseId = 29, timestampResponse = 2025-01-17 04:40:55.7417901 UTC, contentResponse = "Processed: Request 13 from client"}
Latency: 0.0 seconds
-----------------------------------
Request: Request {requestId = 23, timestampRequest = 2025-01-17 04:40:55.9946863 UTC, contentRequest = "Request 23 from client"}
Response: Response {responseId = 30, timestampResponse = 2025-01-17 04:40:55.9946863 UTC, contentResponse = "Processed: Request 23 from client"}
Latency: 0.0 seconds
-----------------------------------
Request: Request {requestId = 24, timestampRequest = 2025-01-17 04:40:56.5050026 UTC, contentRequest = "Request 24 from client"}
Response: Response {responseId = 31, timestampResponse = 2025-01-17 04:40:56.5050026 UTC, contentResponse = "Processed: Request 24 from client"}
Latency: 0.0 seconds
-----------------------------------
Request: Request {requestId = 29, timestampRequest = 2025-01-17 04:40:56.7595903 UTC, contentRequest = "Request 29 from client"}
Response: Response {responseId = 32, timestampResponse = 2025-01-17 04:40:56.7595903 UTC, contentResponse = "Processed: Request 29 from client"}
Latency: 0.0 seconds
-----------------------------------
Request: Request {requestId = 19, timestampRequest = 2025-01-17 04:40:56.7911839 UTC, contentRequest = "Request 19 from client"}
Response: Response {responseId = 33, timestampResponse = 2025-01-17 04:40:56.7911839 UTC, contentResponse = "Processed: Request 19 from client"}
Latency: 0.0 seconds
-----------------------------------
Request: Request {requestId = 28, timestampRequest = 2025-01-17 04:40:56.9164168 UTC, contentRequest = "Request 28 from client"}
Response: Response {responseId = 34, timestampResponse = 2025-01-17 04:40:56.9164168 UTC, contentResponse = "Processed: Request 28 from client"}
Latency: 0.0 seconds
-----------------------------------
Request: Request {requestId = 20, timestampRequest = 2025-01-17 04:40:57.2151238 UTC, contentRequest = "Request 20 from client"}
Response: Response {responseId = 35, timestampResponse = 2025-01-17 04:40:57.2151238 UTC, contentResponse = "Processed: Request 20 from client"}
Latency: 0.0 seconds
-----------------------------------
Request: Request {requestId = 32, timestampRequest = 2025-01-17 04:40:57.7397934 UTC, contentRequest = "Request 32 from client"}
Response: Response {responseId = 36, timestampResponse = 2025-01-17 04:40:57.7397934 UTC, contentResponse = "Processed: Request 32 from client"}
Latency: 0.0 seconds
-----------------------------------
Request: Request {requestId = 30, timestampRequest = 2025-01-17 04:40:58.1189755 UTC, contentRequest = "Request 30 from client"}
Response: Response {responseId = 37, timestampResponse = 2025-01-17 04:40:58.1189755 UTC, contentResponse = "Processed: Request 30 from client"}
Latency: 0.0 seconds
-----------------------------------
Request: Request {requestId = 35, timestampRequest = 2025-01-17 04:40:58.2909339 UTC, contentRequest = "Request 35 from client"}
Response: Response {responseId = 38, timestampResponse = 2025-01-17 04:40:58.2909339 UTC, contentResponse = "Processed: Request 35 from client"}
Latency: 0.0 seconds
-----------------------------------
Request: Request {requestId = 31, timestampRequest = 2025-01-17 04:40:58.4658378 UTC, contentRequest = "Request 31 from client"}
Response: Response {responseId = 39, timestampResponse = 2025-01-17 04:40:58.4658378 UTC, contentResponse = "Processed: Request 31 from client"}
Latency: 0.0 seconds
-----------------------------------
Request: Request {requestId = 34, timestampRequest = 2025-01-17 04:40:58.7533291 UTC, contentRequest = "Request 34 from client"}
Response: Response {responseId = 40, timestampResponse = 2025-01-17 04:40:58.7533291 UTC, contentResponse = "Processed: Request 34 from client"}
Latency: 0.0 seconds
-----------------------------------
Request: Request {requestId = 27, timestampRequest = 2025-01-17 04:40:58.7533291 UTC, contentRequest = "Request 27 from client"}
Response: Response {responseId = 42, timestampResponse = 2025-01-17 04:40:58.7533291 UTC, contentResponse = "Processed: Request 27 from client"}
Latency: 0.0 seconds
-----------------------------------
Request: Request {requestId = 25, timestampRequest = 2025-01-17 04:40:59.3396502 UTC, contentRequest = "Request 25 from client"}
Response: Response {responseId = 42, timestampResponse = 2025-01-17 04:40:59.3396502 UTC, contentResponse = "Processed: Request 25 from client"}
Latency: 0.0 seconds
-----------------------------------
Request: Request {requestId = 26, timestampRequest = 2025-01-17 04:40:59.3873941 UTC, contentRequest = "Request 26 from client"}
Response: Response {responseId = 43, timestampResponse = 2025-01-17 04:40:59.3873941 UTC, contentResponse = "Processed: Request 26 from client"}
Latency: 0.0 seconds
-----------------------------------
Request: Request {requestId = 39, timestampRequest = 2025-01-17 04:40:59.4345399 UTC, contentRequest = "Request 39 from client"}
Response: Response {responseId = 44, timestampResponse = 2025-01-17 04:40:59.4345399 UTC, contentResponse = "Processed: Request 39 from client"}
Latency: 0.0 seconds
-----------------------------------
Request: Request {requestId = 41, timestampRequest = 2025-01-17 04:41:00.3198235 UTC, contentRequest = "Request 41 from client"}
Response: Response {responseId = 45, timestampResponse = 2025-01-17 04:41:00.3198235 UTC, contentResponse = "Processed: Request 41 from client"}
Latency: 0.0 seconds
-----------------------------------
Request: Request {requestId = 36, timestampRequest = 2025-01-17 04:41:00.7160798 UTC, contentRequest = "Request 36 from client"}
Response: Response {responseId = 46, timestampResponse = 2025-01-17 04:41:00.7160798 UTC, contentResponse = "Processed: Request 36 from client"}
Latency: 0.0 seconds
-----------------------------------
Request: Request {requestId = 37, timestampRequest = 2025-01-17 04:41:00.8896523 UTC, contentRequest = "Request 37 from client"}
Response: Response {responseId = 48, timestampResponse = 2025-01-17 04:41:00.8896523 UTC, contentResponse = "Processed: Request 37 from client"}
Latency: 0.0 seconds
-----------------------------------
Request: Request {requestId = 38, timestampRequest = 2025-01-17 04:41:01.2515476 UTC, contentRequest = "Request 38 from client"}
Response: Response {responseId = 48, timestampResponse = 2025-01-17 04:41:01.2515476 UTC, contentResponse = "Processed: Request 38 from client"}
Latency: 0.0 seconds
-----------------------------------
Request: Request {requestId = 33, timestampRequest = 2025-01-17 04:41:01.5357056 UTC, contentRequest = "Request 33 from client"}
Response: Response {responseId = 49, timestampResponse = 2025-01-17 04:41:01.5357056 UTC, contentResponse = "Processed: Request 33 from client"}
Latency: 0.0 seconds
-----------------------------------
Request: Request {requestId = 42, timestampRequest = 2025-01-17 04:41:01.8509785 UTC, contentRequest = "Request 42 from client"}
Response: Response {responseId = 50, timestampResponse = 2025-01-17 04:41:01.8509785 UTC, contentResponse = "Processed: Request 42 from client"}
Latency: 0.0 seconds
-----------------------------------
Request: Request {requestId = 45, timestampRequest = 2025-01-17 04:41:02.1371176 UTC, contentRequest = "Request 45 from client"}
Response: Response {responseId = 51, timestampResponse = 2025-01-17 04:41:02.1371176 UTC, contentResponse = "Processed: Request 45 from client"}
Latency: 0.0 seconds
-----------------------------------
Request: Request {requestId = 43, timestampRequest = 2025-01-17 04:41:02.2492107 UTC, contentRequest = "Request 43 from client"}
Response: Response {responseId = 52, timestampResponse = 2025-01-17 04:41:02.2492107 UTC, contentResponse = "Processed: Request 43 from client"}
Latency: 0.0 seconds
-----------------------------------
Request: Request {requestId = 40, timestampRequest = 2025-01-17 04:41:02.6942529 UTC, contentRequest = "Request 40 from client"}
Response: Response {responseId = 53, timestampResponse = 2025-01-17 04:41:02.6942529 UTC, contentResponse = "Processed: Request 40 from client"}
Latency: 0.0 seconds
-----------------------------------
Request: Request {requestId = 51, timestampRequest = 2025-01-17 04:41:02.9476097 UTC, contentRequest = "Request 51 from client"}
Response: Response {responseId = 54, timestampResponse = 2025-01-17 04:41:02.9476097 UTC, contentResponse = "Processed: Request 51 from client"}
Latency: 0.0 seconds
-----------------------------------
Request: Request {requestId = 50, timestampRequest = 2025-01-17 04:41:03.6571895 UTC, contentRequest = "Request 50 from client"}
Response: Response {responseId = 55, timestampResponse = 2025-01-17 04:41:03.6571895 UTC, contentResponse = "Processed: Request 50 from client"}
Latency: 0.0 seconds
-----------------------------------
Request: Request {requestId = 44, timestampRequest = 2025-01-17 04:41:03.7209722 UTC, contentRequest = "Request 44 from client"}
Response: Response {responseId = 56, timestampResponse = 2025-01-17 04:41:03.7209722 UTC, contentResponse = "Processed: Request 44 from client"}
Latency: 0.0 seconds
-----------------------------------
Request: Request {requestId = 46, timestampRequest = 2025-01-17 04:41:04.1675814 UTC, contentRequest = "Request 46 from client"}
Response: Response {responseId = 57, timestampResponse = 2025-01-17 04:41:04.1675814 UTC, contentResponse = "Processed: Request 46 from client"}
Latency: 0.0 seconds
-----------------------------------
Request: Request {requestId = 47, timestampRequest = 2025-01-17 04:41:04.2454674 UTC, contentRequest = "Request 47 from client"}
Response: Response {responseId = 58, timestampResponse = 2025-01-17 04:41:04.2454674 UTC, contentResponse = "Processed: Request 47 from client"}
Latency: 0.0 seconds
-----------------------------------
Request: Request {requestId = 48, timestampRequest = 2025-01-17 04:41:04.4024146 UTC, contentRequest = "Request 48 from client"}
Response: Response {responseId = 59, timestampResponse = 2025-01-17 04:41:04.4024146 UTC, contentResponse = "Processed: Request 48 from client"}
Latency: 0.0 seconds
-----------------------------------
Request: Request {requestId = 49, timestampRequest = 2025-01-17 04:41:04.4336242 UTC, contentRequest = "Request 49 from client"}
Response: Response {responseId = 61, timestampResponse = 2025-01-17 04:41:04.4336242 UTC, contentResponse = "Processed: Request 49 from client"}
Latency: 0.0 seconds
-----------------------------------
Request: Request {requestId = 54, timestampRequest = 2025-01-17 04:41:05.0615366 UTC, contentRequest = "Request 54 from client"}
Response: Response {responseId = 61, timestampResponse = 2025-01-17 04:41:05.0615366 UTC, contentResponse = "Processed: Request 54 from client"}
Latency: 0.0 seconds
-----------------------------------
Request: Request {requestId = 56, timestampRequest = 2025-01-17 04:41:05.3184713 UTC, contentRequest = "Request 56 from client"}
Response: Response {responseId = 62, timestampResponse = 2025-01-17 04:41:05.3184713 UTC, contentResponse = "Processed: Request 56 from client"}
Latency: 0.0 seconds
-----------------------------------
Request: Request {requestId = 61, timestampRequest = 2025-01-17 04:41:05.6036699 UTC, contentRequest = "Request 61 from client"}
Response: Response {responseId = 63, timestampResponse = 2025-01-17 04:41:05.6036699 UTC, contentResponse = "Processed: Request 61 from client"}
Latency: 0.0 seconds
-----------------------------------
Request: Request {requestId = 53, timestampRequest = 2025-01-17 04:41:05.7297696 UTC, contentRequest = "Request 53 from client"}
Response: Response {responseId = 64, timestampResponse = 2025-01-17 04:41:05.7297696 UTC, contentResponse = "Processed: Request 53 from client"}
Latency: 0.0 seconds
-----------------------------------
Request: Request {requestId = 60, timestampRequest = 2025-01-17 04:41:05.8866918 UTC, contentRequest = "Request 60 from client"}
Response: Response {responseId = 65, timestampResponse = 2025-01-17 04:41:05.8866918 UTC, contentResponse = "Processed: Request 60 from client"}
Latency: 0.0 seconds
-----------------------------------
Request: Request {requestId = 57, timestampRequest = 2025-01-17 04:41:06.4554294 UTC, contentRequest = "Request 57 from client"}
Response: Response {responseId = 66, timestampResponse = 2025-01-17 04:41:06.4554294 UTC, contentResponse = "Processed: Request 57 from client"}
Latency: 0.0 seconds
-----------------------------------
Request: Request {requestId = 52, timestampRequest = 2025-01-17 04:41:06.9146695 UTC, contentRequest = "Request 52 from client"}
Response: Response {responseId = 67, timestampResponse = 2025-01-17 04:41:06.9146695 UTC, contentResponse = "Processed: Request 52 from client"}
Latency: 0.0 seconds
-----------------------------------
Request: Request {requestId = 59, timestampRequest = 2025-01-17 04:41:07.2947721 UTC, contentRequest = "Request 59 from client"}
Response: Response {responseId = 68, timestampResponse = 2025-01-17 04:41:07.2947721 UTC, contentResponse = "Processed: Request 59 from client"}
Latency: 0.0 seconds
-----------------------------------
Request: Request {requestId = 55, timestampRequest = 2025-01-17 04:41:07.4058818 UTC, contentRequest = "Request 55 from client"}
Response: Response {responseId = 69, timestampResponse = 2025-01-17 04:41:07.4058818 UTC, contentResponse = "Processed: Request 55 from client"}
Latency: 0.0 seconds
-----------------------------------
Request: Request {requestId = 62, timestampRequest = 2025-01-17 04:41:07.4371778 UTC, contentRequest = "Request 62 from client"}
Response: Response {responseId = 70, timestampResponse = 2025-01-17 04:41:07.4371778 UTC, contentResponse = "Processed: Request 62 from client"}
Latency: 0.0 seconds
-----------------------------------
Request: Request {requestId = 67, timestampRequest = 2025-01-17 04:41:07.5322564 UTC, contentRequest = "Request 67 from client"}
Response: Response {responseId = 71, timestampResponse = 2025-01-17 04:41:07.5322564 UTC, contentResponse = "Processed: Request 67 from client"}
Latency: 0.0 seconds
-----------------------------------
Request: Request {requestId = 58, timestampRequest = 2025-01-17 04:41:08.4451374 UTC, contentRequest = "Request 58 from client"}
Response: Response {responseId = 72, timestampResponse = 2025-01-17 04:41:08.4451374 UTC, contentResponse = "Processed: Request 58 from client"}
Latency: 0.0 seconds
-----------------------------------
Request: Request {requestId = 63, timestampRequest = 2025-01-17 04:41:08.4451374 UTC, contentRequest = "Request 63 from client"}
Response: Response {responseId = 74, timestampResponse = 2025-01-17 04:41:08.4451374 UTC, contentResponse = "Processed: Request 63 from client"}
Latency: 0.0 seconds
-----------------------------------
Request: Request {requestId = 66, timestampRequest = 2025-01-17 04:41:08.6929632 UTC, contentRequest = "Request 66 from client"}
Response: Response {responseId = 74, timestampResponse = 2025-01-17 04:41:08.6929632 UTC, contentResponse = "Processed: Request 66 from client"}
Latency: 0.0 seconds
-----------------------------------
Request: Request {requestId = 68, timestampRequest = 2025-01-17 04:41:08.7411176 UTC, contentRequest = "Request 68 from client"}
Response: Response {responseId = 75, timestampResponse = 2025-01-17 04:41:08.7411176 UTC, contentResponse = "Processed: Request 68 from client"}
Latency: 0.0 seconds
-----------------------------------
Request: Request {requestId = 64, timestampRequest = 2025-01-17 04:41:09.6038824 UTC, contentRequest = "Request 64 from client"}
Response: Response {responseId = 76, timestampResponse = 2025-01-17 04:41:09.6038824 UTC, contentResponse = "Processed: Request 64 from client"}
Latency: 0.0 seconds
-----------------------------------
Request: Request {requestId = 65, timestampRequest = 2025-01-17 04:41:10.0297144 UTC, contentRequest = "Request 65 from client"}
Response: Response {responseId = 77, timestampResponse = 2025-01-17 04:41:10.0297144 UTC, contentResponse = "Processed: Request 65 from client"}
Latency: 0.0 seconds
-----------------------------------
Request: Request {requestId = 72, timestampRequest = 2025-01-17 04:41:10.0618866 UTC, contentRequest = "Request 72 from client"}
Response: Response {responseId = 78, timestampResponse = 2025-01-17 04:41:10.0618866 UTC, contentResponse = "Processed: Request 72 from client"}
Latency: 0.0 seconds
-----------------------------------
Request: Request {requestId = 77, timestampRequest = 2025-01-17 04:41:10.6772599 UTC, contentRequest = "Request 77 from client"}
Response: Response {responseId = 79, timestampResponse = 2025-01-17 04:41:10.6772599 UTC, contentResponse = "Processed: Request 77 from client"}
Latency: 0.0 seconds
-----------------------------------
Request: Request {requestId = 73, timestampRequest = 2025-01-17 04:41:10.6933258 UTC, contentRequest = "Request 73 from client"}
Response: Response {responseId = 80, timestampResponse = 2025-01-17 04:41:10.6933258 UTC, contentResponse = "Processed: Request 73 from client"}
Latency: 0.0 seconds
-----------------------------------
Request: Request {requestId = 69, timestampRequest = 2025-01-17 04:41:10.9267159 UTC, contentRequest = "Request 69 from client"}
Response: Response {responseId = 81, timestampResponse = 2025-01-17 04:41:10.9267159 UTC, contentResponse = "Processed: Request 69 from client"}
Latency: 0.0 seconds
-----------------------------------
Request: Request {requestId = 78, timestampRequest = 2025-01-17 04:41:11.1918638 UTC, contentRequest = "Request 78 from client"}
Response: Response {responseId = 82, timestampResponse = 2025-01-17 04:41:11.1918638 UTC, contentResponse = "Processed: Request 78 from client"}
Latency: 0.0 seconds
-----------------------------------
Request: Request {requestId = 74, timestampRequest = 2025-01-17 04:41:11.9207485 UTC, contentRequest = "Request 74 from client"}
Response: Response {responseId = 83, timestampResponse = 2025-01-17 04:41:11.9207485 UTC, contentResponse = "Processed: Request 74 from client"}
Latency: 0.0 seconds
-----------------------------------
Request: Request {requestId = 76, timestampRequest = 2025-01-17 04:41:11.9359002 UTC, contentRequest = "Request 76 from client"}
Response: Response {responseId = 84, timestampResponse = 2025-01-17 04:41:11.9359002 UTC, contentResponse = "Processed: Request 76 from client"}
Latency: 0.0 seconds
-----------------------------------
Request: Request {requestId = 75, timestampRequest = 2025-01-17 04:41:12.0777014 UTC, contentRequest = "Request 75 from client"}
Response: Response {responseId = 85, timestampResponse = 2025-01-17 04:41:12.0777014 UTC, contentResponse = "Processed: Request 75 from client"}
Latency: 0.0 seconds
-----------------------------------
Request: Request {requestId = 70, timestampRequest = 2025-01-17 04:41:12.203086 UTC, contentRequest = "Request 70 from client"}
Response: Response {responseId = 86, timestampResponse = 2025-01-17 04:41:12.203086 UTC, contentResponse = "Processed: Request 70 from client"}
Latency: 0.0 seconds
-----------------------------------
Request: Request {requestId = 71, timestampRequest = 2025-01-17 04:41:12.2663092 UTC, contentRequest = "Request 71 from client"}
Response: Response {responseId = 87, timestampResponse = 2025-01-17 04:41:12.2663092 UTC, contentResponse = "Processed: Request 71 from client"}
Latency: 0.0 seconds
-----------------------------------
Request: Request {requestId = 83, timestampRequest = 2025-01-17 04:41:12.4222375 UTC, contentRequest = "Request 83 from client"}
Response: Response {responseId = 88, timestampResponse = 2025-01-17 04:41:12.4222375 UTC, contentResponse = "Processed: Request 83 from client"}
Latency: 0.0 seconds
-----------------------------------
Request: Request {requestId = 82, timestampRequest = 2025-01-17 04:41:12.5323463 UTC, contentRequest = "Request 82 from client"}
Response: Response {responseId = 89, timestampResponse = 2025-01-17 04:41:12.5323463 UTC, contentResponse = "Processed: Request 82 from client"}
Latency: 0.0 seconds
-----------------------------------
Request: Request {requestId = 79, timestampRequest = 2025-01-17 04:41:13.0058197 UTC, contentRequest = "Request 79 from client"}
Response: Response {responseId = 90, timestampResponse = 2025-01-17 04:41:13.0058197 UTC, contentResponse = "Processed: Request 79 from client"}
Latency: 0.0 seconds
-----------------------------------
Request: Request {requestId = 88, timestampRequest = 2025-01-17 04:41:13.3714418 UTC, contentRequest = "Request 88 from client"}
Response: Response {responseId = 91, timestampResponse = 2025-01-17 04:41:13.3714418 UTC, contentResponse = "Processed: Request 88 from client"}
Latency: 0.0 seconds
-----------------------------------
Request: Request {requestId = 87, timestampRequest = 2025-01-17 04:41:13.545334 UTC, contentRequest = "Request 87 from client"}
Response: Response {responseId = 92, timestampResponse = 2025-01-17 04:41:13.545334 UTC, contentResponse = "Processed: Request 87 from client"}
Latency: 0.0 seconds
-----------------------------------
Request: Request {requestId = 89, timestampRequest = 2025-01-17 04:41:13.9558648 UTC, contentRequest = "Request 89 from client"}
Response: Response {responseId = 93, timestampResponse = 2025-01-17 04:41:13.9558648 UTC, contentResponse = "Processed: Request 89 from client"}
Latency: 0.0 seconds
-----------------------------------
Request: Request {requestId = 80, timestampRequest = 2025-01-17 04:41:14.9461722 UTC, contentRequest = "Request 80 from client"}
Response: Response {responseId = 94, timestampResponse = 2025-01-17 04:41:14.9461722 UTC, contentResponse = "Processed: Request 80 from client"}
Latency: 0.0 seconds
-----------------------------------
Request: Request {requestId = 92, timestampRequest = 2025-01-17 04:41:14.993047 UTC, contentRequest = "Request 92 from client"}
Response: Response {responseId = 95, timestampResponse = 2025-01-17 04:41:14.993047 UTC, contentResponse = "Processed: Request 92 from client"}
Latency: 0.0 seconds
-----------------------------------
Request: Request {requestId = 81, timestampRequest = 2025-01-17 04:41:15.6120777 UTC, contentRequest = "Request 81 from client"}
Response: Response {responseId = 96, timestampResponse = 2025-01-17 04:41:15.6120777 UTC, contentResponse = "Processed: Request 81 from client"}
Latency: 0.0 seconds
-----------------------------------
Request: Request {requestId = 85, timestampRequest = 2025-01-17 04:41:15.8634152 UTC, contentRequest = "Request 85 from client"}
Response: Response {responseId = 97, timestampResponse = 2025-01-17 04:41:15.8634152 UTC, contentResponse = "Processed: Request 85 from client"}
Latency: 0.0 seconds
-----------------------------------
Request: Request {requestId = 96, timestampRequest = 2025-01-17 04:41:16.1153746 UTC, contentRequest = "Request 96 from client"}
Response: Response {responseId = 98, timestampResponse = 2025-01-17 04:41:16.1153746 UTC, contentResponse = "Processed: Request 96 from client"}
Latency: 0.0 seconds
-----------------------------------
Request: Request {requestId = 84, timestampRequest = 2025-01-17 04:41:16.1962037 UTC, contentRequest = "Request 84 from client"}
Response: Response {responseId = 99, timestampResponse = 2025-01-17 04:41:16.1962037 UTC, contentResponse = "Processed: Request 84 from client"}
Latency: 0.0 seconds
-----------------------------------
Request: Request {requestId = 0, timestampRequest = 2025-01-17 05:11:03.5856547 UTC, contentRequest = "Request 0 from client"}
Response: Response {responseId = 0, timestampResponse = 2025-01-17 05:11:03.5856547 UTC, contentResponse = "Processed: Request 0 from client"}
Latency: 0.0 seconds
-----------------------------------
Request: Request {requestId = 0, timestampRequest = 2025-01-17 05:11:04.1287479 UTC, contentRequest = "Request 0 from client"}
Response: Response {responseId = 1, timestampResponse = 2025-01-17 05:11:04.1287479 UTC, contentResponse = "Processed: Request 0 from client"}
Latency: 0.0 seconds
-----------------------------------
Request: Request {requestId = 1, timestampRequest = 2025-01-17 05:11:04.6994452 UTC, contentRequest = "Request 1 from client"}
Response: Response {responseId = 2, timestampResponse = 2025-01-17 05:11:04.6994452 UTC, contentResponse = "Processed: Request 1 from client"}
Latency: 0.0 seconds
-----------------------------------
Request: Request {requestId = 0, timestampRequest = 2025-01-17 05:11:04.8271438 UTC, contentRequest = "Request 0 from client"}
Response: Response {responseId = 3, timestampResponse = 2025-01-17 05:11:04.8271438 UTC, contentResponse = "Processed: Request 0 from client"}
Latency: 0.0 seconds
-----------------------------------
Request: Request {requestId = 0, timestampRequest = 2025-01-17 05:11:04.9514152 UTC, contentRequest = "Request 0 from client"}
Response: Response {responseId = 4, timestampResponse = 2025-01-17 05:11:04.9514152 UTC, contentResponse = "Processed: Request 0 from client"}
Latency: 0.0 seconds
-----------------------------------
Request: Request {requestId = 0, timestampRequest = 2025-01-17 05:11:05.1524195 UTC, contentRequest = "Request 0 from client"}
Response: Response {responseId = 5, timestampResponse = 2025-01-17 05:11:05.1524195 UTC, contentResponse = "Processed: Request 0 from client"}
Latency: 0.0 seconds
-----------------------------------
Request: Request {requestId = 0, timestampRequest = 2025-01-17 05:11:05.1995646 UTC, contentRequest = "Request 0 from client"}
Response: Response {responseId = 6, timestampResponse = 2025-01-17 05:11:05.1995646 UTC, contentResponse = "Processed: Request 0 from client"}
Latency: 0.0 seconds
-----------------------------------
Request: Request {requestId = 0, timestampRequest = 2025-01-17 05:11:05.4655594 UTC, contentRequest = "Request 0 from client"}
Response: Response {responseId = 7, timestampResponse = 2025-01-17 05:11:05.4655594 UTC, contentResponse = "Processed: Request 0 from client"}
Latency: 0.0 seconds
-----------------------------------
Request: Request {requestId = 0, timestampRequest = 2025-01-17 05:11:05.4977042 UTC, contentRequest = "Request 0 from client"}
Response: Response {responseId = 8, timestampResponse = 2025-01-17 05:11:05.4977042 UTC, contentResponse = "Processed: Request 0 from client"}
Latency: 0.0 seconds
-----------------------------------
Request: Request {requestId = 0, timestampRequest = 2025-01-17 05:11:05.5293484 UTC, contentRequest = "Request 0 from client"}
Response: Response {responseId = 9, timestampResponse = 2025-01-17 05:11:05.5293484 UTC, contentResponse = "Processed: Request 0 from client"}
Latency: 0.0 seconds
-----------------------------------
Request: Request {requestId = 0, timestampRequest = 2025-01-17 05:11:06.0801272 UTC, contentRequest = "Request 0 from client"}
Response: Response {responseId = 10, timestampResponse = 2025-01-17 05:11:06.0801272 UTC, contentResponse = "Processed: Request 0 from client"}
Latency: 0.0 seconds
-----------------------------------
Request: Request {requestId = 2, timestampRequest = 2025-01-17 05:11:06.3365402 UTC, contentRequest = "Request 2 from client"}
Response: Response {responseId = 11, timestampResponse = 2025-01-17 05:11:06.3365402 UTC, contentResponse = "Processed: Request 2 from client"}
Latency: 0.0 seconds
-----------------------------------
Request: Request {requestId = 9, timestampRequest = 2025-01-17 05:11:07.2068538 UTC, contentRequest = "Request 9 from client"}
Response: Response {responseId = 12, timestampResponse = 2025-01-17 05:11:07.2068538 UTC, contentResponse = "Processed: Request 9 from client"}
Latency: 0.0 seconds
-----------------------------------
Request: Request {requestId = 5, timestampRequest = 2025-01-17 05:11:07.6670829 UTC, contentRequest = "Request 5 from client"}
Response: Response {responseId = 13, timestampResponse = 2025-01-17 05:11:07.6670829 UTC, contentResponse = "Processed: Request 5 from client"}
Latency: 0.0 seconds
-----------------------------------
Request: Request {requestId = 10, timestampRequest = 2025-01-17 05:11:07.7620709 UTC, contentRequest = "Request 10 from client"}
Response: Response {responseId = 14, timestampResponse = 2025-01-17 05:11:07.7620709 UTC, contentResponse = "Processed: Request 10 from client"}
Latency: 0.0 seconds
-----------------------------------
Request: Request {requestId = 7, timestampRequest = 2025-01-17 05:11:07.9340368 UTC, contentRequest = "Request 7 from client"}
Response: Response {responseId = 15, timestampResponse = 2025-01-17 05:11:07.9340368 UTC, contentResponse = "Processed: Request 7 from client"}
Latency: 0.0 seconds
-----------------------------------
Request: Request {requestId = 8, timestampRequest = 2025-01-17 05:11:08.2670361 UTC, contentRequest = "Request 8 from client"}
Response: Response {responseId = 16, timestampResponse = 2025-01-17 05:11:08.2670361 UTC, contentResponse = "Processed: Request 8 from client"}
Latency: 0.0 seconds
-----------------------------------
Request: Request {requestId = 6, timestampRequest = 2025-01-17 05:11:09.0095617 UTC, contentRequest = "Request 6 from client"}
Response: Response {responseId = 17, timestampResponse = 2025-01-17 05:11:09.0095617 UTC, contentResponse = "Processed: Request 6 from client"}
Latency: 0.0 seconds
-----------------------------------
Request: Request {requestId = 16, timestampRequest = 2025-01-17 05:11:09.1352345 UTC, contentRequest = "Request 16 from client"}
Response: Response {responseId = 18, timestampResponse = 2025-01-17 05:11:09.1352345 UTC, contentResponse = "Processed: Request 16 from client"}
Latency: 0.0 seconds
-----------------------------------
Request: Request {requestId = 3, timestampRequest = 2025-01-17 05:11:09.2945665 UTC, contentRequest = "Request 3 from client"}
Response: Response {responseId = 19, timestampResponse = 2025-01-17 05:11:09.2945665 UTC, contentResponse = "Processed: Request 3 from client"}
Latency: 0.0 seconds
-----------------------------------
Request: Request {requestId = 4, timestampRequest = 2025-01-17 05:11:09.4694628 UTC, contentRequest = "Request 4 from client"}
Response: Response {responseId = 20, timestampResponse = 2025-01-17 05:11:09.4694628 UTC, contentResponse = "Processed: Request 4 from client"}
Latency: 0.0 seconds
-----------------------------------
Request: Request {requestId = 12, timestampRequest = 2025-01-17 05:11:09.6614519 UTC, contentRequest = "Request 12 from client"}
Response: Response {responseId = 21, timestampResponse = 2025-01-17 05:11:09.6614519 UTC, contentResponse = "Processed: Request 12 from client"}
Latency: 0.0 seconds
-----------------------------------
Request: Request {requestId = 21, timestampRequest = 2025-01-17 05:11:10.6410606 UTC, contentRequest = "Request 21 from client"}
Response: Response {responseId = 22, timestampResponse = 2025-01-17 05:11:10.6410606 UTC, contentResponse = "Processed: Request 21 from client"}
Latency: 0.0 seconds
-----------------------------------
Request: Request {requestId = 11, timestampRequest = 2025-01-17 05:11:10.6731874 UTC, contentRequest = "Request 11 from client"}
Response: Response {responseId = 23, timestampResponse = 2025-01-17 05:11:10.6731874 UTC, contentResponse = "Processed: Request 11 from client"}
Latency: 0.0 seconds
-----------------------------------
Request: Request {requestId = 20, timestampRequest = 2025-01-17 05:11:10.7670396 UTC, contentRequest = "Request 20 from client"}
Response: Response {responseId = 24, timestampResponse = 2025-01-17 05:11:10.7670396 UTC, contentResponse = "Processed: Request 20 from client"}
Latency: 0.0 seconds
-----------------------------------
Request: Request {requestId = 13, timestampRequest = 2025-01-17 05:11:10.7991695 UTC, contentRequest = "Request 13 from client"}
Response: Response {responseId = 25, timestampResponse = 2025-01-17 05:11:10.7991695 UTC, contentResponse = "Processed: Request 13 from client"}
Latency: 0.0 seconds
-----------------------------------
Request: Request {requestId = 22, timestampRequest = 2025-01-17 05:11:10.862035 UTC, contentRequest = "Request 22 from client"}
Response: Response {responseId = 26, timestampResponse = 2025-01-17 05:11:10.862035 UTC, contentResponse = "Processed: Request 22 from client"}
Latency: 0.0 seconds
-----------------------------------
Request: Request {requestId = 18, timestampRequest = 2025-01-17 05:11:11.2103524 UTC, contentRequest = "Request 18 from client"}
Response: Response {responseId = 27, timestampResponse = 2025-01-17 05:11:11.2103524 UTC, contentResponse = "Processed: Request 18 from client"}
Latency: 0.0 seconds
-----------------------------------
Request: Request {requestId = 14, timestampRequest = 2025-01-17 05:11:11.6075974 UTC, contentRequest = "Request 14 from client"}
Response: Response {responseId = 28, timestampResponse = 2025-01-17 05:11:11.6075974 UTC, contentResponse = "Processed: Request 14 from client"}
Latency: 0.0 seconds
-----------------------------------
Request: Request {requestId = 15, timestampRequest = 2025-01-17 05:11:11.9565485 UTC, contentRequest = "Request 15 from client"}
Response: Response {responseId = 29, timestampResponse = 2025-01-17 05:11:11.9565485 UTC, contentResponse = "Processed: Request 15 from client"}
Latency: 0.0 seconds
-----------------------------------
Request: Request {requestId = 19, timestampRequest = 2025-01-17 05:11:12.066679 UTC, contentRequest = "Request 19 from client"}
Response: Response {responseId = 30, timestampResponse = 2025-01-17 05:11:12.066679 UTC, contentResponse = "Processed: Request 19 from client"}
Latency: 0.0 seconds
-----------------------------------
Request: Request {requestId = 17, timestampRequest = 2025-01-17 05:11:12.7007644 UTC, contentRequest = "Request 17 from client"}
Response: Response {responseId = 31, timestampResponse = 2025-01-17 05:11:12.7007644 UTC, contentResponse = "Processed: Request 17 from client"}
Latency: 0.0 seconds
-----------------------------------
Request: Request {requestId = 23, timestampRequest = 2025-01-17 05:11:13.1143486 UTC, contentRequest = "Request 23 from client"}
Response: Response {responseId = 32, timestampResponse = 2025-01-17 05:11:13.1143486 UTC, contentResponse = "Processed: Request 23 from client"}
Latency: 0.0 seconds
-----------------------------------
Request: Request {requestId = 26, timestampRequest = 2025-01-17 05:11:13.1299185 UTC, contentRequest = "Request 26 from client"}
Response: Response {responseId = 33, timestampResponse = 2025-01-17 05:11:13.1299185 UTC, contentResponse = "Processed: Request 26 from client"}
Latency: 0.0 seconds
-----------------------------------
Request: Request {requestId = 25, timestampRequest = 2025-01-17 05:11:13.8918241 UTC, contentRequest = "Request 25 from client"}
Response: Response {responseId = 34, timestampResponse = 2025-01-17 05:11:13.8918241 UTC, contentResponse = "Processed: Request 25 from client"}
Latency: 0.0 seconds
-----------------------------------
Request: Request {requestId = 34, timestampRequest = 2025-01-17 05:11:14.5579308 UTC, contentRequest = "Request 34 from client"}
Response: Response {responseId = 35, timestampResponse = 2025-01-17 05:11:14.5579308 UTC, contentResponse = "Processed: Request 34 from client"}
Latency: 0.0 seconds
-----------------------------------
Request: Request {requestId = 24, timestampRequest = 2025-01-17 05:11:14.622191 UTC, contentRequest = "Request 24 from client"}
Response: Response {responseId = 36, timestampResponse = 2025-01-17 05:11:14.622191 UTC, contentResponse = "Processed: Request 24 from client"}
Latency: 0.0 seconds
-----------------------------------
Request: Request {requestId = 27, timestampRequest = 2025-01-17 05:11:14.8761661 UTC, contentRequest = "Request 27 from client"}
Response: Response {responseId = 37, timestampResponse = 2025-01-17 05:11:14.8761661 UTC, contentResponse = "Processed: Request 27 from client"}
Latency: 0.0 seconds
-----------------------------------
Request: Request {requestId = 30, timestampRequest = 2025-01-17 05:11:15.1451445 UTC, contentRequest = "Request 30 from client"}
Response: Response {responseId = 38, timestampResponse = 2025-01-17 05:11:15.1451445 UTC, contentResponse = "Processed: Request 30 from client"}
Latency: 0.0 seconds
-----------------------------------
Request: Request {requestId = 29, timestampRequest = 2025-01-17 05:11:15.492572 UTC, contentRequest = "Request 29 from client"}
Response: Response {responseId = 39, timestampResponse = 2025-01-17 05:11:15.492572 UTC, contentResponse = "Processed: Request 29 from client"}
Latency: 0.0 seconds
-----------------------------------
Request: Request {requestId = 28, timestampRequest = 2025-01-17 05:11:15.6173181 UTC, contentRequest = "Request 28 from client"}
Response: Response {responseId = 40, timestampResponse = 2025-01-17 05:11:15.6173181 UTC, contentResponse = "Processed: Request 28 from client"}
Latency: 0.0 seconds
-----------------------------------
Request: Request {requestId = 31, timestampRequest = 2025-01-17 05:11:15.824498 UTC, contentRequest = "Request 31 from client"}
Response: Response {responseId = 41, timestampResponse = 2025-01-17 05:11:15.824498 UTC, contentResponse = "Processed: Request 31 from client"}
Latency: 0.0 seconds
-----------------------------------
Request: Request {requestId = 33, timestampRequest = 2025-01-17 05:11:17.2477329 UTC, contentRequest = "Request 33 from client"}
Response: Response {responseId = 42, timestampResponse = 2025-01-17 05:11:17.2477329 UTC, contentResponse = "Processed: Request 33 from client"}
Latency: 0.0 seconds
-----------------------------------
Request: Request {requestId = 37, timestampRequest = 2025-01-17 05:11:17.2951016 UTC, contentRequest = "Request 37 from client"}
Response: Response {responseId = 43, timestampResponse = 2025-01-17 05:11:17.2951016 UTC, contentResponse = "Processed: Request 37 from client"}
Latency: 0.0 seconds
-----------------------------------
Request: Request {requestId = 36, timestampRequest = 2025-01-17 05:11:17.3101151 UTC, contentRequest = "Request 36 from client"}
Response: Response {responseId = 44, timestampResponse = 2025-01-17 05:11:17.3101151 UTC, contentResponse = "Processed: Request 36 from client"}
Latency: 0.0 seconds
-----------------------------------
Request: Request {requestId = 32, timestampRequest = 2025-01-17 05:11:17.4851626 UTC, contentRequest = "Request 32 from client"}
Response: Response {responseId = 45, timestampResponse = 2025-01-17 05:11:17.4851626 UTC, contentResponse = "Processed: Request 32 from client"}
Latency: 0.0 seconds
-----------------------------------
Request: Request {requestId = 38, timestampRequest = 2025-01-17 05:11:17.6244193 UTC, contentRequest = "Request 38 from client"}
Response: Response {responseId = 46, timestampResponse = 2025-01-17 05:11:17.6244193 UTC, contentResponse = "Processed: Request 38 from client"}
Latency: 0.0 seconds
-----------------------------------
Request: Request {requestId = 40, timestampRequest = 2025-01-17 05:11:17.7651257 UTC, contentRequest = "Request 40 from client"}
Response: Response {responseId = 47, timestampResponse = 2025-01-17 05:11:17.7651257 UTC, contentResponse = "Processed: Request 40 from client"}
Latency: 0.0 seconds
-----------------------------------
Request: Request {requestId = 35, timestampRequest = 2025-01-17 05:11:18.160305 UTC, contentRequest = "Request 35 from client"}
Response: Response {responseId = 48, timestampResponse = 2025-01-17 05:11:18.160305 UTC, contentResponse = "Processed: Request 35 from client"}
Latency: 0.0 seconds
-----------------------------------
Request: Request {requestId = 39, timestampRequest = 2025-01-17 05:11:18.9040084 UTC, contentRequest = "Request 39 from client"}
Response: Response {responseId = 49, timestampResponse = 2025-01-17 05:11:18.9040084 UTC, contentResponse = "Processed: Request 39 from client"}
Latency: 0.0 seconds
-----------------------------------
Request: Request {requestId = 42, timestampRequest = 2025-01-17 05:11:19.1261654 UTC, contentRequest = "Request 42 from client"}
Response: Response {responseId = 50, timestampResponse = 2025-01-17 05:11:19.1261654 UTC, contentResponse = "Processed: Request 42 from client"}
Latency: 0.0 seconds
-----------------------------------
Request: Request {requestId = 49, timestampRequest = 2025-01-17 05:11:19.6994315 UTC, contentRequest = "Request 49 from client"}
Response: Response {responseId = 51, timestampResponse = 2025-01-17 05:11:19.6994315 UTC, contentResponse = "Processed: Request 49 from client"}
Latency: 0.0 seconds
-----------------------------------
Request: Request {requestId = 43, timestampRequest = 2025-01-17 05:11:19.7310642 UTC, contentRequest = "Request 43 from client"}
Response: Response {responseId = 52, timestampResponse = 2025-01-17 05:11:19.7310642 UTC, contentResponse = "Processed: Request 43 from client"}
Latency: 0.0 seconds
-----------------------------------
Request: Request {requestId = 45, timestampRequest = 2025-01-17 05:11:19.9053933 UTC, contentRequest = "Request 45 from client"}
Response: Response {responseId = 53, timestampResponse = 2025-01-17 05:11:19.9053933 UTC, contentResponse = "Processed: Request 45 from client"}
Latency: 0.0 seconds
-----------------------------------
Request: Request {requestId = 41, timestampRequest = 2025-01-17 05:11:20.4575028 UTC, contentRequest = "Request 41 from client"}
Response: Response {responseId = 54, timestampResponse = 2025-01-17 05:11:20.4575028 UTC, contentResponse = "Processed: Request 41 from client"}
Latency: 0.0 seconds
-----------------------------------
Request: Request {requestId = 46, timestampRequest = 2025-01-17 05:11:20.9780801 UTC, contentRequest = "Request 46 from client"}
Response: Response {responseId = 55, timestampResponse = 2025-01-17 05:11:20.9780801 UTC, contentResponse = "Processed: Request 46 from client"}
Latency: 0.0 seconds
-----------------------------------
Request: Request {requestId = 47, timestampRequest = 2025-01-17 05:11:21.3114535 UTC, contentRequest = "Request 47 from client"}
Response: Response {responseId = 56, timestampResponse = 2025-01-17 05:11:21.3114535 UTC, contentResponse = "Processed: Request 47 from client"}
Latency: 0.0 seconds
-----------------------------------
Request: Request {requestId = 55, timestampRequest = 2025-01-17 05:11:21.486427 UTC, contentRequest = "Request 55 from client"}
Response: Response {responseId = 57, timestampResponse = 2025-01-17 05:11:21.486427 UTC, contentResponse = "Processed: Request 55 from client"}
Latency: 0.0 seconds
-----------------------------------
Request: Request {requestId = 54, timestampRequest = 2025-01-17 05:11:21.6443752 UTC, contentRequest = "Request 54 from client"}
Response: Response {responseId = 58, timestampResponse = 2025-01-17 05:11:21.6443752 UTC, contentResponse = "Processed: Request 54 from client"}
Latency: 0.0 seconds
-----------------------------------
Request: Request {requestId = 48, timestampRequest = 2025-01-17 05:11:21.6604389 UTC, contentRequest = "Request 48 from client"}
Response: Response {responseId = 59, timestampResponse = 2025-01-17 05:11:21.6604389 UTC, contentResponse = "Processed: Request 48 from client"}
Latency: 0.0 seconds
-----------------------------------
Request: Request {requestId = 44, timestampRequest = 2025-01-17 05:11:22.2264435 UTC, contentRequest = "Request 44 from client"}
Response: Response {responseId = 60, timestampResponse = 2025-01-17 05:11:22.2264435 UTC, contentResponse = "Processed: Request 44 from client"}
Latency: 0.0 seconds
-----------------------------------
Request: Request {requestId = 50, timestampRequest = 2025-01-17 05:11:22.6515089 UTC, contentRequest = "Request 50 from client"}
Response: Response {responseId = 61, timestampResponse = 2025-01-17 05:11:22.6515089 UTC, contentResponse = "Processed: Request 50 from client"}
Latency: 0.0 seconds
-----------------------------------
Request: Request {requestId = 61, timestampRequest = 2025-01-17 05:11:23.333841 UTC, contentRequest = "Request 61 from client"}
Response: Response {responseId = 62, timestampResponse = 2025-01-17 05:11:23.333841 UTC, contentResponse = "Processed: Request 61 from client"}
Latency: 0.0 seconds
-----------------------------------
Request: Request {requestId = 53, timestampRequest = 2025-01-17 05:11:23.4629613 UTC, contentRequest = "Request 53 from client"}
Response: Response {responseId = 63, timestampResponse = 2025-01-17 05:11:23.4629613 UTC, contentResponse = "Processed: Request 53 from client"}
Latency: 0.0 seconds
-----------------------------------
Request: Request {requestId = 51, timestampRequest = 2025-01-17 05:11:23.8293702 UTC, contentRequest = "Request 51 from client"}
Response: Response {responseId = 64, timestampResponse = 2025-01-17 05:11:23.8293702 UTC, contentResponse = "Processed: Request 51 from client"}
Latency: 0.0 seconds
-----------------------------------
Request: Request {requestId = 59, timestampRequest = 2025-01-17 05:11:24.4127851 UTC, contentRequest = "Request 59 from client"}
Response: Response {responseId = 65, timestampResponse = 2025-01-17 05:11:24.4127851 UTC, contentResponse = "Processed: Request 59 from client"}
Latency: 0.0 seconds
-----------------------------------
Request: Request {requestId = 52, timestampRequest = 2025-01-17 05:11:24.4443695 UTC, contentRequest = "Request 52 from client"}
Response: Response {responseId = 66, timestampResponse = 2025-01-17 05:11:24.4443695 UTC, contentResponse = "Processed: Request 52 from client"}
Latency: 0.0 seconds
-----------------------------------
Request: Request {requestId = 56, timestampRequest = 2025-01-17 05:11:24.7608627 UTC, contentRequest = "Request 56 from client"}
Response: Response {responseId = 67, timestampResponse = 2025-01-17 05:11:24.7608627 UTC, contentResponse = "Processed: Request 56 from client"}
Latency: 0.0 seconds
-----------------------------------
Request: Request {requestId = 64, timestampRequest = 2025-01-17 05:11:24.7929897 UTC, contentRequest = "Request 64 from client"}
Response: Response {responseId = 68, timestampResponse = 2025-01-17 05:11:24.7929897 UTC, contentResponse = "Processed: Request 64 from client"}
Latency: 0.0 seconds
-----------------------------------
Request: Request {requestId = 57, timestampRequest = 2025-01-17 05:11:24.8879859 UTC, contentRequest = "Request 57 from client"}
Response: Response {responseId = 69, timestampResponse = 2025-01-17 05:11:24.8879859 UTC, contentResponse = "Processed: Request 57 from client"}
Latency: 0.0 seconds
-----------------------------------
Request: Request {requestId = 60, timestampRequest = 2025-01-17 05:11:24.9191742 UTC, contentRequest = "Request 60 from client"}
Response: Response {responseId = 70, timestampResponse = 2025-01-17 05:11:24.9191742 UTC, contentResponse = "Processed: Request 60 from client"}
Latency: 0.0 seconds
-----------------------------------
Request: Request {requestId = 62, timestampRequest = 2025-01-17 05:11:25.8165594 UTC, contentRequest = "Request 62 from client"}
Response: Response {responseId = 71, timestampResponse = 2025-01-17 05:11:25.8165594 UTC, contentResponse = "Processed: Request 62 from client"}
Latency: 0.0 seconds
-----------------------------------
Request: Request {requestId = 58, timestampRequest = 2025-01-17 05:11:26.3405877 UTC, contentRequest = "Request 58 from client"}
Response: Response {responseId = 72, timestampResponse = 2025-01-17 05:11:26.3405877 UTC, contentResponse = "Processed: Request 58 from client"}
Latency: 0.0 seconds
-----------------------------------
Request: Request {requestId = 65, timestampRequest = 2025-01-17 05:11:26.781957 UTC, contentRequest = "Request 65 from client"}
Response: Response {responseId = 73, timestampResponse = 2025-01-17 05:11:26.781957 UTC, contentResponse = "Processed: Request 65 from client"}
Latency: 0.0 seconds
-----------------------------------
Request: Request {requestId = 66, timestampRequest = 2025-01-17 05:11:26.8456824 UTC, contentRequest = "Request 66 from client"}
Response: Response {responseId = 74, timestampResponse = 2025-01-17 05:11:26.8456824 UTC, contentResponse = "Processed: Request 66 from client"}
Latency: 0.0 seconds
-----------------------------------
Request: Request {requestId = 70, timestampRequest = 2025-01-17 05:11:26.9566991 UTC, contentRequest = "Request 70 from client"}
Response: Response {responseId = 75, timestampResponse = 2025-01-17 05:11:26.9566991 UTC, contentResponse = "Processed: Request 70 from client"}
Latency: 0.0 seconds
-----------------------------------
Request: Request {requestId = 69, timestampRequest = 2025-01-17 05:11:27.7344676 UTC, contentRequest = "Request 69 from client"}
Response: Response {responseId = 76, timestampResponse = 2025-01-17 05:11:27.7344676 UTC, contentResponse = "Processed: Request 69 from client"}
Latency: 0.0 seconds
-----------------------------------
Request: Request {requestId = 71, timestampRequest = 2025-01-17 05:11:27.8308916 UTC, contentRequest = "Request 71 from client"}
Response: Response {responseId = 77, timestampResponse = 2025-01-17 05:11:27.8308916 UTC, contentResponse = "Processed: Request 71 from client"}
Latency: 0.0 seconds
-----------------------------------
Request: Request {requestId = 63, timestampRequest = 2025-01-17 05:11:27.8625184 UTC, contentRequest = "Request 63 from client"}
Response: Response {responseId = 78, timestampResponse = 2025-01-17 05:11:27.8625184 UTC, contentResponse = "Processed: Request 63 from client"}
Latency: 0.0 seconds
-----------------------------------
Request: Request {requestId = 67, timestampRequest = 2025-01-17 05:11:27.8786091 UTC, contentRequest = "Request 67 from client"}
Response: Response {responseId = 79, timestampResponse = 2025-01-17 05:11:27.8786091 UTC, contentResponse = "Processed: Request 67 from client"}
Latency: 0.0 seconds
-----------------------------------
Request: Request {requestId = 73, timestampRequest = 2025-01-17 05:11:28.0038509 UTC, contentRequest = "Request 73 from client"}
Response: Response {responseId = 80, timestampResponse = 2025-01-17 05:11:28.0038509 UTC, contentResponse = "Processed: Request 73 from client"}
Latency: 0.0 seconds
-----------------------------------
Request: Request {requestId = 68, timestampRequest = 2025-01-17 05:11:28.3515184 UTC, contentRequest = "Request 68 from client"}
Response: Response {responseId = 82, timestampResponse = 2025-01-17 05:11:28.3515184 UTC, contentResponse = "Processed: Request 68 from client"}
Latency: 0.0 seconds
-----------------------------------
Request: Request {requestId = 75, timestampRequest = 2025-01-17 05:11:28.5082212 UTC, contentRequest = "Request 75 from client"}
Response: Response {responseId = 82, timestampResponse = 2025-01-17 05:11:28.5082212 UTC, contentResponse = "Processed: Request 75 from client"}
Latency: 0.0 seconds
-----------------------------------
Request: Request {requestId = 79, timestampRequest = 2025-01-17 05:11:29.5669732 UTC, contentRequest = "Request 79 from client"}
Response: Response {responseId = 83, timestampResponse = 2025-01-17 05:11:29.5669732 UTC, contentResponse = "Processed: Request 79 from client"}
Latency: 0.0 seconds
-----------------------------------
Request: Request {requestId = 72, timestampRequest = 2025-01-17 05:11:29.8650872 UTC, contentRequest = "Request 72 from client"}
Response: Response {responseId = 84, timestampResponse = 2025-01-17 05:11:29.8650872 UTC, contentResponse = "Processed: Request 72 from client"}
Latency: 0.0 seconds
-----------------------------------
Request: Request {requestId = 83, timestampRequest = 2025-01-17 05:11:30.1295106 UTC, contentRequest = "Request 83 from client"}
Response: Response {responseId = 85, timestampResponse = 2025-01-17 05:11:30.1295106 UTC, contentResponse = "Processed: Request 83 from client"}
Latency: 0.0 seconds
-----------------------------------
Request: Request {requestId = 74, timestampRequest = 2025-01-17 05:11:31.0783871 UTC, contentRequest = "Request 74 from client"}
Response: Response {responseId = 86, timestampResponse = 2025-01-17 05:11:31.0783871 UTC, contentResponse = "Processed: Request 74 from client"}
Latency: 0.0 seconds
-----------------------------------
Request: Request {requestId = 86, timestampRequest = 2025-01-17 05:11:31.2694281 UTC, contentRequest = "Request 86 from client"}
Response: Response {responseId = 87, timestampResponse = 2025-01-17 05:11:31.2694281 UTC, contentResponse = "Processed: Request 86 from client"}
Latency: 0.0 seconds
-----------------------------------
Request: Request {requestId = 76, timestampRequest = 2025-01-17 05:11:31.6170365 UTC, contentRequest = "Request 76 from client"}
Response: Response {responseId = 88, timestampResponse = 2025-01-17 05:11:31.6170365 UTC, contentResponse = "Processed: Request 76 from client"}
Latency: 0.0 seconds
-----------------------------------
Request: Request {requestId = 80, timestampRequest = 2025-01-17 05:11:32.0162184 UTC, contentRequest = "Request 80 from client"}
Response: Response {responseId = 89, timestampResponse = 2025-01-17 05:11:32.0162184 UTC, contentResponse = "Processed: Request 80 from client"}
Latency: 0.0 seconds
-----------------------------------
Request: Request {requestId = 82, timestampRequest = 2025-01-17 05:11:32.3324543 UTC, contentRequest = "Request 82 from client"}
Response: Response {responseId = 90, timestampResponse = 2025-01-17 05:11:32.3324543 UTC, contentResponse = "Processed: Request 82 from client"}
Latency: 0.0 seconds
-----------------------------------
Request: Request {requestId = 78, timestampRequest = 2025-01-17 05:11:32.5224726 UTC, contentRequest = "Request 78 from client"}
Response: Response {responseId = 91, timestampResponse = 2025-01-17 05:11:32.5224726 UTC, contentResponse = "Processed: Request 78 from client"}
Latency: 0.0 seconds
-----------------------------------
Request: Request {requestId = 85, timestampRequest = 2025-01-17 05:11:32.5541133 UTC, contentRequest = "Request 85 from client"}
Response: Response {responseId = 92, timestampResponse = 2025-01-17 05:11:32.5541133 UTC, contentResponse = "Processed: Request 85 from client"}
Latency: 0.0 seconds
-----------------------------------
Request: Request {requestId = 81, timestampRequest = 2025-01-17 05:11:32.6013498 UTC, contentRequest = "Request 81 from client"}
Response: Response {responseId = 93, timestampResponse = 2025-01-17 05:11:32.6013498 UTC, contentResponse = "Processed: Request 81 from client"}
Latency: 0.0 seconds
-----------------------------------
Request: Request {requestId = 77, timestampRequest = 2025-01-17 05:11:32.6489994 UTC, contentRequest = "Request 77 from client"}
Response: Response {responseId = 94, timestampResponse = 2025-01-17 05:11:32.6489994 UTC, contentResponse = "Processed: Request 77 from client"}
Latency: 0.0 seconds
-----------------------------------
Request: Request {requestId = 84, timestampRequest = 2025-01-17 05:11:32.6961505 UTC, contentRequest = "Request 84 from client"}
Response: Response {responseId = 95, timestampResponse = 2025-01-17 05:11:32.6961505 UTC, contentResponse = "Processed: Request 84 from client"}
Latency: 0.0 seconds
-----------------------------------
Request: Request {requestId = 88, timestampRequest = 2025-01-17 05:11:32.6961505 UTC, contentRequest = "Request 88 from client"}
Response: Response {responseId = 97, timestampResponse = 2025-01-17 05:11:32.6961505 UTC, contentResponse = "Processed: Request 88 from client"}
Latency: 0.0 seconds
-----------------------------------
Request: Request {requestId = 90, timestampRequest = 2025-01-17 05:11:33.6209715 UTC, contentRequest = "Request 90 from client"}
Response: Response {responseId = 98, timestampResponse = 2025-01-17 05:11:33.6209715 UTC, contentResponse = "Processed: Request 90 from client"}
Latency: 0.0 seconds
-----------------------------------
Request: Request {requestId = 95, timestampRequest = 2025-01-17 05:11:34.0991345 UTC, contentRequest = "Request 95 from client"}
Response: Response {responseId = 98, timestampResponse = 2025-01-17 05:11:34.0991345 UTC, contentResponse = "Processed: Request 95 from client"}
Latency: 0.0 seconds
-----------------------------------
Request: Request {requestId = 0, timestampRequest = 2025-01-17 06:06:39.8964853 UTC, contentRequest = "Request 0 from client"}
Response: Response {responseId = 0, timestampResponse = 2025-01-17 06:06:39.8964853 UTC, contentResponse = "Processed: Request 0 from client"}
Latency: 0.0 seconds
-----------------------------------
Request: Request {requestId = 0, timestampRequest = 2025-01-17 06:06:40.595984 UTC, contentRequest = "Request 0 from client"}
Response: Response {responseId = 1, timestampResponse = 2025-01-17 06:06:40.595984 UTC, contentResponse = "Processed: Request 0 from client"}
Latency: 0.0 seconds
-----------------------------------
Request: Request {requestId = 0, timestampRequest = 2025-01-17 06:06:41.1325541 UTC, contentRequest = "Request 0 from client"}
Response: Response {responseId = 2, timestampResponse = 2025-01-17 06:06:41.1325541 UTC, contentResponse = "Processed: Request 0 from client"}
Latency: 0.0 seconds
-----------------------------------
Request: Request {requestId = 1, timestampRequest = 2025-01-17 06:06:41.4477059 UTC, contentRequest = "Request 1 from client"}
Response: Response {responseId = 3, timestampResponse = 2025-01-17 06:06:41.4477059 UTC, contentResponse = "Processed: Request 1 from client"}
Latency: 0.0 seconds
-----------------------------------
Request: Request {requestId = 0, timestampRequest = 2025-01-17 06:06:41.52757 UTC, contentRequest = "Request 0 from client"}
Response: Response {responseId = 4, timestampResponse = 2025-01-17 06:06:41.52757 UTC, contentResponse = "Processed: Request 0 from client"}
Latency: 0.0 seconds
-----------------------------------
Request: Request {requestId = 0, timestampRequest = 2025-01-17 06:06:42.8732659 UTC, contentRequest = "Request 0 from client"}
Response: Response {responseId = 5, timestampResponse = 2025-01-17 06:06:42.8732659 UTC, contentResponse = "Processed: Request 0 from client"}
Latency: 0.0 seconds
-----------------------------------
Request: Request {requestId = 0, timestampRequest = 2025-01-17 06:06:42.9992921 UTC, contentRequest = "Request 0 from client"}
Response: Response {responseId = 6, timestampResponse = 2025-01-17 06:06:42.9992921 UTC, contentResponse = "Processed: Request 0 from client"}
Latency: 0.0 seconds
-----------------------------------
Request: Request {requestId = 0, timestampRequest = 2025-01-17 06:06:43.1594788 UTC, contentRequest = "Request 0 from client"}
Response: Response {responseId = 7, timestampResponse = 2025-01-17 06:06:43.1594788 UTC, contentResponse = "Processed: Request 0 from client"}
Latency: 0.0 seconds
-----------------------------------
Request: Request {requestId = 0, timestampRequest = 2025-01-17 06:06:43.3811335 UTC, contentRequest = "Request 0 from client"}
Response: Response {responseId = 8, timestampResponse = 2025-01-17 06:06:43.3811335 UTC, contentResponse = "Processed: Request 0 from client"}
Latency: 0.0 seconds
-----------------------------------
Request: Request {requestId = 0, timestampRequest = 2025-01-17 06:06:43.4770695 UTC, contentRequest = "Request 0 from client"}
Response: Response {responseId = 9, timestampResponse = 2025-01-17 06:06:43.4770695 UTC, contentResponse = "Processed: Request 0 from client"}
Latency: 0.0 seconds
-----------------------------------
Request: Request {requestId = 0, timestampRequest = 2025-01-17 06:06:43.54027 UTC, contentRequest = "Request 0 from client"}
Response: Response {responseId = 10, timestampResponse = 2025-01-17 06:06:43.54027 UTC, contentResponse = "Processed: Request 0 from client"}
Latency: 0.0 seconds
-----------------------------------
Request: Request {requestId = 3, timestampRequest = 2025-01-17 06:06:44.2538828 UTC, contentRequest = "Request 3 from client"}
Response: Response {responseId = 11, timestampResponse = 2025-01-17 06:06:44.2538828 UTC, contentResponse = "Processed: Request 3 from client"}
Latency: 0.0 seconds
-----------------------------------
Request: Request {requestId = 9, timestampRequest = 2025-01-17 06:06:44.444802 UTC, contentRequest = "Request 9 from client"}
Response: Response {responseId = 12, timestampResponse = 2025-01-17 06:06:44.444802 UTC, contentResponse = "Processed: Request 9 from client"}
Latency: 0.0 seconds
-----------------------------------
Request: Request {requestId = 5, timestampRequest = 2025-01-17 06:06:44.8898236 UTC, contentRequest = "Request 5 from client"}
Response: Response {responseId = 13, timestampResponse = 2025-01-17 06:06:44.8898236 UTC, contentResponse = "Processed: Request 5 from client"}
Latency: 0.0 seconds
-----------------------------------
Request: Request {requestId = 10, timestampRequest = 2025-01-17 06:06:44.9696461 UTC, contentRequest = "Request 10 from client"}
Response: Response {responseId = 14, timestampResponse = 2025-01-17 06:06:44.9696461 UTC, contentResponse = "Processed: Request 10 from client"}
Latency: 0.0 seconds
-----------------------------------
Request: Request {requestId = 6, timestampRequest = 2025-01-17 06:06:45.2878412 UTC, contentRequest = "Request 6 from client"}
Response: Response {responseId = 15, timestampResponse = 2025-01-17 06:06:45.2878412 UTC, contentResponse = "Processed: Request 6 from client"}
Latency: 0.0 seconds
-----------------------------------
Request: Request {requestId = 2, timestampRequest = 2025-01-17 06:06:45.3668371 UTC, contentRequest = "Request 2 from client"}
Response: Response {responseId = 16, timestampResponse = 2025-01-17 06:06:45.3668371 UTC, contentResponse = "Processed: Request 2 from client"}
Latency: 0.0 seconds
-----------------------------------
Request: Request {requestId = 8, timestampRequest = 2025-01-17 06:06:45.5573393 UTC, contentRequest = "Request 8 from client"}
Response: Response {responseId = 17, timestampResponse = 2025-01-17 06:06:45.5573393 UTC, contentResponse = "Processed: Request 8 from client"}
Latency: 0.0 seconds
-----------------------------------
Request: Request {requestId = 11, timestampRequest = 2025-01-17 06:06:45.6200596 UTC, contentRequest = "Request 11 from client"}
Response: Response {responseId = 18, timestampResponse = 2025-01-17 06:06:45.6200596 UTC, contentResponse = "Processed: Request 11 from client"}
Latency: 0.0 seconds
-----------------------------------
Request: Request {requestId = 4, timestampRequest = 2025-01-17 06:06:45.810147 UTC, contentRequest = "Request 4 from client"}
Response: Response {responseId = 19, timestampResponse = 2025-01-17 06:06:45.810147 UTC, contentResponse = "Processed: Request 4 from client"}
Latency: 0.0 seconds
-----------------------------------
Request: Request {requestId = 12, timestampRequest = 2025-01-17 06:06:45.8423285 UTC, contentRequest = "Request 12 from client"}
Response: Response {responseId = 20, timestampResponse = 2025-01-17 06:06:45.8423285 UTC, contentResponse = "Processed: Request 12 from client"}
Latency: 0.0 seconds
-----------------------------------
Request: Request {requestId = 7, timestampRequest = 2025-01-17 06:06:46.2082596 UTC, contentRequest = "Request 7 from client"}
Response: Response {responseId = 21, timestampResponse = 2025-01-17 06:06:46.2082596 UTC, contentResponse = "Processed: Request 7 from client"}
Latency: 0.0 seconds
-----------------------------------
Request: Request {requestId = 14, timestampRequest = 2025-01-17 06:06:46.8936224 UTC, contentRequest = "Request 14 from client"}
Response: Response {responseId = 22, timestampResponse = 2025-01-17 06:06:46.8936224 UTC, contentResponse = "Processed: Request 14 from client"}
Latency: 0.0 seconds
-----------------------------------
Request: Request {requestId = 13, timestampRequest = 2025-01-17 06:06:47.5748914 UTC, contentRequest = "Request 13 from client"}
Response: Response {responseId = 23, timestampResponse = 2025-01-17 06:06:47.5748914 UTC, contentResponse = "Processed: Request 13 from client"}
Latency: 0.0 seconds
-----------------------------------
Request: Request {requestId = 21, timestampRequest = 2025-01-17 06:06:47.6059671 UTC, contentRequest = "Request 21 from client"}
Response: Response {responseId = 24, timestampResponse = 2025-01-17 06:06:47.6059671 UTC, contentResponse = "Processed: Request 21 from client"}
Latency: 0.0 seconds
-----------------------------------
Request: Request {requestId = 18, timestampRequest = 2025-01-17 06:06:47.9503411 UTC, contentRequest = "Request 18 from client"}
Response: Response {responseId = 25, timestampResponse = 2025-01-17 06:06:47.9503411 UTC, contentResponse = "Processed: Request 18 from client"}
Latency: 0.0 seconds
-----------------------------------
Request: Request {requestId = 15, timestampRequest = 2025-01-17 06:06:48.0141616 UTC, contentRequest = "Request 15 from client"}
Response: Response {responseId = 26, timestampResponse = 2025-01-17 06:06:48.0141616 UTC, contentResponse = "Processed: Request 15 from client"}
Latency: 0.0 seconds
-----------------------------------
Request: Request {requestId = 16, timestampRequest = 2025-01-17 06:06:48.0302263 UTC, contentRequest = "Request 16 from client"}
Response: Response {responseId = 27, timestampResponse = 2025-01-17 06:06:48.0302263 UTC, contentResponse = "Processed: Request 16 from client"}
Latency: 0.0 seconds
-----------------------------------
Request: Request {requestId = 19, timestampRequest = 2025-01-17 06:06:48.7444478 UTC, contentRequest = "Request 19 from client"}
Response: Response {responseId = 28, timestampResponse = 2025-01-17 06:06:48.7444478 UTC, contentResponse = "Processed: Request 19 from client"}
Latency: 0.0 seconds
-----------------------------------
Request: Request {requestId = 17, timestampRequest = 2025-01-17 06:06:48.7760317 UTC, contentRequest = "Request 17 from client"}
Response: Response {responseId = 29, timestampResponse = 2025-01-17 06:06:48.7760317 UTC, contentResponse = "Processed: Request 17 from client"}
Latency: 0.0 seconds
-----------------------------------
Request: Request {requestId = 22, timestampRequest = 2025-01-17 06:06:48.885072 UTC, contentRequest = "Request 22 from client"}
Response: Response {responseId = 30, timestampResponse = 2025-01-17 06:06:48.885072 UTC, contentResponse = "Processed: Request 22 from client"}
Latency: 0.0 seconds
-----------------------------------
Request: Request {requestId = 20, timestampRequest = 2025-01-17 06:06:49.2832548 UTC, contentRequest = "Request 20 from client"}
Response: Response {responseId = 31, timestampResponse = 2025-01-17 06:06:49.2832548 UTC, contentResponse = "Processed: Request 20 from client"}
Latency: 0.0 seconds
-----------------------------------
Request: Request {requestId = 24, timestampRequest = 2025-01-17 06:06:49.7725515 UTC, contentRequest = "Request 24 from client"}
Response: Response {responseId = 32, timestampResponse = 2025-01-17 06:06:49.7725515 UTC, contentResponse = "Processed: Request 24 from client"}
Latency: 0.0 seconds
-----------------------------------
Request: Request {requestId = 27, timestampRequest = 2025-01-17 06:06:49.9289098 UTC, contentRequest = "Request 27 from client"}
Response: Response {responseId = 33, timestampResponse = 2025-01-17 06:06:49.9289098 UTC, contentResponse = "Processed: Request 27 from client"}
Latency: 0.0 seconds
-----------------------------------
Request: Request {requestId = 26, timestampRequest = 2025-01-17 06:06:50.0530551 UTC, contentRequest = "Request 26 from client"}
Response: Response {responseId = 34, timestampResponse = 2025-01-17 06:06:50.0530551 UTC, contentResponse = "Processed: Request 26 from client"}
Latency: 0.0 seconds
-----------------------------------
Request: Request {requestId = 31, timestampRequest = 2025-01-17 06:06:50.2757121 UTC, contentRequest = "Request 31 from client"}
Response: Response {responseId = 35, timestampResponse = 2025-01-17 06:06:50.2757121 UTC, contentResponse = "Processed: Request 31 from client"}
Latency: 0.0 seconds
-----------------------------------
Request: Request {requestId = 23, timestampRequest = 2025-01-17 06:06:51.1054071 UTC, contentRequest = "Request 23 from client"}
Response: Response {responseId = 36, timestampResponse = 2025-01-17 06:06:51.1054071 UTC, contentResponse = "Processed: Request 23 from client"}
Latency: 0.0 seconds
-----------------------------------
Request: Request {requestId = 25, timestampRequest = 2025-01-17 06:06:51.3762707 UTC, contentRequest = "Request 25 from client"}
Response: Response {responseId = 37, timestampResponse = 2025-01-17 06:06:51.3762707 UTC, contentResponse = "Processed: Request 25 from client"}
Latency: 0.0 seconds
-----------------------------------
Request: Request {requestId = 34, timestampRequest = 2025-01-17 06:06:51.9453319 UTC, contentRequest = "Request 34 from client"}
Response: Response {responseId = 38, timestampResponse = 2025-01-17 06:06:51.9453319 UTC, contentResponse = "Processed: Request 34 from client"}
Latency: 0.0 seconds
-----------------------------------
Request: Request {requestId = 37, timestampRequest = 2025-01-17 06:06:52.2620927 UTC, contentRequest = "Request 37 from client"}
Response: Response {responseId = 39, timestampResponse = 2025-01-17 06:06:52.2620927 UTC, contentResponse = "Processed: Request 37 from client"}
Latency: 0.0 seconds
-----------------------------------
Request: Request {requestId = 29, timestampRequest = 2025-01-17 06:06:52.3258294 UTC, contentRequest = "Request 29 from client"}
Response: Response {responseId = 40, timestampResponse = 2025-01-17 06:06:52.3258294 UTC, contentResponse = "Processed: Request 29 from client"}
Latency: 0.0 seconds
-----------------------------------
Request: Request {requestId = 35, timestampRequest = 2025-01-17 06:06:52.5788021 UTC, contentRequest = "Request 35 from client"}
Response: Response {responseId = 41, timestampResponse = 2025-01-17 06:06:52.5788021 UTC, contentResponse = "Processed: Request 35 from client"}
Latency: 0.0 seconds
-----------------------------------
Request: Request {requestId = 28, timestampRequest = 2025-01-17 06:06:52.6581329 UTC, contentRequest = "Request 28 from client"}
Response: Response {responseId = 42, timestampResponse = 2025-01-17 06:06:52.6581329 UTC, contentResponse = "Processed: Request 28 from client"}
Latency: 0.0 seconds
-----------------------------------
Request: Request {requestId = 38, timestampRequest = 2025-01-17 06:06:52.7371241 UTC, contentRequest = "Request 38 from client"}
Response: Response {responseId = 44, timestampResponse = 2025-01-17 06:06:52.7371241 UTC, contentResponse = "Processed: Request 38 from client"}
Latency: 0.0 seconds
-----------------------------------
Request: Request {requestId = 30, timestampRequest = 2025-01-17 06:06:52.8463587 UTC, contentRequest = "Request 30 from client"}
Response: Response {responseId = 44, timestampResponse = 2025-01-17 06:06:52.8463587 UTC, contentResponse = "Processed: Request 30 from client"}
Latency: 0.0 seconds
-----------------------------------
Request: Request {requestId = 33, timestampRequest = 2025-01-17 06:06:52.9880742 UTC, contentRequest = "Request 33 from client"}
Response: Response {responseId = 45, timestampResponse = 2025-01-17 06:06:52.9880742 UTC, contentResponse = "Processed: Request 33 from client"}
Latency: 0.0 seconds
-----------------------------------
Request: Request {requestId = 39, timestampRequest = 2025-01-17 06:06:53.5579399 UTC, contentRequest = "Request 39 from client"}
Response: Response {responseId = 46, timestampResponse = 2025-01-17 06:06:53.5579399 UTC, contentResponse = "Processed: Request 39 from client"}
Latency: 0.0 seconds
-----------------------------------
Request: Request {requestId = 32, timestampRequest = 2025-01-17 06:06:53.7318214 UTC, contentRequest = "Request 32 from client"}
Response: Response {responseId = 47, timestampResponse = 2025-01-17 06:06:53.7318214 UTC, contentResponse = "Processed: Request 32 from client"}
Latency: 0.0 seconds
-----------------------------------
Request: Request {requestId = 41, timestampRequest = 2025-01-17 06:06:53.9379361 UTC, contentRequest = "Request 41 from client"}
Response: Response {responseId = 48, timestampResponse = 2025-01-17 06:06:53.9379361 UTC, contentResponse = "Processed: Request 41 from client"}
Latency: 0.0 seconds
-----------------------------------
Request: Request {requestId = 42, timestampRequest = 2025-01-17 06:06:53.9856396 UTC, contentRequest = "Request 42 from client"}
Response: Response {responseId = 49, timestampResponse = 2025-01-17 06:06:53.9856396 UTC, contentResponse = "Processed: Request 42 from client"}
Latency: 0.0 seconds
-----------------------------------
Request: Request {requestId = 36, timestampRequest = 2025-01-17 06:06:54.1917381 UTC, contentRequest = "Request 36 from client"}
Response: Response {responseId = 50, timestampResponse = 2025-01-17 06:06:54.1917381 UTC, contentResponse = "Processed: Request 36 from client"}
Latency: 0.0 seconds
-----------------------------------
Request: Request {requestId = 45, timestampRequest = 2025-01-17 06:06:54.8932302 UTC, contentRequest = "Request 45 from client"}
Response: Response {responseId = 51, timestampResponse = 2025-01-17 06:06:54.8932302 UTC, contentResponse = "Processed: Request 45 from client"}
Latency: 0.0 seconds
-----------------------------------
Request: Request {requestId = 43, timestampRequest = 2025-01-17 06:06:55.3693386 UTC, contentRequest = "Request 43 from client"}
Response: Response {responseId = 52, timestampResponse = 2025-01-17 06:06:55.3693386 UTC, contentResponse = "Processed: Request 43 from client"}
Latency: 0.0 seconds
-----------------------------------
Request: Request {requestId = 44, timestampRequest = 2025-01-17 06:06:55.7027496 UTC, contentRequest = "Request 44 from client"}
Response: Response {responseId = 53, timestampResponse = 2025-01-17 06:06:55.7027496 UTC, contentResponse = "Processed: Request 44 from client"}
Latency: 0.0 seconds
-----------------------------------
Request: Request {requestId = 46, timestampRequest = 2025-01-17 06:06:56.6043337 UTC, contentRequest = "Request 46 from client"}
Response: Response {responseId = 54, timestampResponse = 2025-01-17 06:06:56.6043337 UTC, contentResponse = "Processed: Request 46 from client"}
Latency: 0.0 seconds
-----------------------------------
Request: Request {requestId = 40, timestampRequest = 2025-01-17 06:06:56.6364138 UTC, contentRequest = "Request 40 from client"}
Response: Response {responseId = 55, timestampResponse = 2025-01-17 06:06:56.6364138 UTC, contentResponse = "Processed: Request 40 from client"}
Latency: 0.0 seconds
-----------------------------------
Request: Request {requestId = 47, timestampRequest = 2025-01-17 06:06:56.8893891 UTC, contentRequest = "Request 47 from client"}
Response: Response {responseId = 56, timestampResponse = 2025-01-17 06:06:56.8893891 UTC, contentResponse = "Processed: Request 47 from client"}
Latency: 0.0 seconds
-----------------------------------
Request: Request {requestId = 53, timestampRequest = 2025-01-17 06:06:56.9216093 UTC, contentRequest = "Request 53 from client"}
Response: Response {responseId = 57, timestampResponse = 2025-01-17 06:06:56.9216093 UTC, contentResponse = "Processed: Request 53 from client"}
Latency: 0.0 seconds
-----------------------------------
Request: Request {requestId = 54, timestampRequest = 2025-01-17 06:06:57.1607602 UTC, contentRequest = "Request 54 from client"}
Response: Response {responseId = 58, timestampResponse = 2025-01-17 06:06:57.1607602 UTC, contentResponse = "Processed: Request 54 from client"}
Latency: 0.0 seconds
-----------------------------------
Request: Request {requestId = 52, timestampRequest = 2025-01-17 06:06:57.1924447 UTC, contentRequest = "Request 52 from client"}
Response: Response {responseId = 59, timestampResponse = 2025-01-17 06:06:57.1924447 UTC, contentResponse = "Processed: Request 52 from client"}
Latency: 0.0 seconds
-----------------------------------
Request: Request {requestId = 50, timestampRequest = 2025-01-17 06:06:57.4955789 UTC, contentRequest = "Request 50 from client"}
Response: Response {responseId = 60, timestampResponse = 2025-01-17 06:06:57.4955789 UTC, contentResponse = "Processed: Request 50 from client"}
Latency: 0.0 seconds
-----------------------------------
Request: Request {requestId = 49, timestampRequest = 2025-01-17 06:06:57.7681164 UTC, contentRequest = "Request 49 from client"}
Response: Response {responseId = 61, timestampResponse = 2025-01-17 06:06:57.7681164 UTC, contentResponse = "Processed: Request 49 from client"}
Latency: 0.0 seconds
-----------------------------------
Request: Request {requestId = 58, timestampRequest = 2025-01-17 06:06:58.1502457 UTC, contentRequest = "Request 58 from client"}
Response: Response {responseId = 62, timestampResponse = 2025-01-17 06:06:58.1502457 UTC, contentResponse = "Processed: Request 58 from client"}
Latency: 0.0 seconds
-----------------------------------
Request: Request {requestId = 48, timestampRequest = 2025-01-17 06:06:58.514289 UTC, contentRequest = "Request 48 from client"}
Response: Response {responseId = 63, timestampResponse = 2025-01-17 06:06:58.514289 UTC, contentResponse = "Processed: Request 48 from client"}
Latency: 0.0 seconds
-----------------------------------
Request: Request {requestId = 51, timestampRequest = 2025-01-17 06:06:58.7374424 UTC, contentRequest = "Request 51 from client"}
Response: Response {responseId = 64, timestampResponse = 2025-01-17 06:06:58.7374424 UTC, contentResponse = "Processed: Request 51 from client"}
Latency: 0.0 seconds
-----------------------------------
Request: Request {requestId = 57, timestampRequest = 2025-01-17 06:06:59.3899556 UTC, contentRequest = "Request 57 from client"}
Response: Response {responseId = 65, timestampResponse = 2025-01-17 06:06:59.3899556 UTC, contentResponse = "Processed: Request 57 from client"}
Latency: 0.0 seconds
-----------------------------------
Request: Request {requestId = 63, timestampRequest = 2025-01-17 06:06:59.5332356 UTC, contentRequest = "Request 63 from client"}
Response: Response {responseId = 66, timestampResponse = 2025-01-17 06:06:59.5332356 UTC, contentResponse = "Processed: Request 63 from client"}
Latency: 0.0 seconds
-----------------------------------
Request: Request {requestId = 55, timestampRequest = 2025-01-17 06:06:59.6594501 UTC, contentRequest = "Request 55 from client"}
Response: Response {responseId = 67, timestampResponse = 2025-01-17 06:06:59.6594501 UTC, contentResponse = "Processed: Request 55 from client"}
Latency: 0.0 seconds
-----------------------------------
Request: Request {requestId = 62, timestampRequest = 2025-01-17 06:06:59.8627898 UTC, contentRequest = "Request 62 from client"}
Response: Response {responseId = 68, timestampResponse = 2025-01-17 06:06:59.8627898 UTC, contentResponse = "Processed: Request 62 from client"}
Latency: 0.0 seconds
-----------------------------------
Request: Request {requestId = 65, timestampRequest = 2025-01-17 06:07:00.9414474 UTC, contentRequest = "Request 65 from client"}
Response: Response {responseId = 69, timestampResponse = 2025-01-17 06:07:00.9414474 UTC, contentResponse = "Processed: Request 65 from client"}
Latency: 0.0 seconds
-----------------------------------
Request: Request {requestId = 60, timestampRequest = 2025-01-17 06:07:01.0343472 UTC, contentRequest = "Request 60 from client"}
Response: Response {responseId = 70, timestampResponse = 2025-01-17 06:07:01.0343472 UTC, contentResponse = "Processed: Request 60 from client"}
Latency: 0.0 seconds
-----------------------------------
Request: Request {requestId = 59, timestampRequest = 2025-01-17 06:07:01.3497736 UTC, contentRequest = "Request 59 from client"}
Response: Response {responseId = 71, timestampResponse = 2025-01-17 06:07:01.3497736 UTC, contentResponse = "Processed: Request 59 from client"}
Latency: 0.0 seconds
-----------------------------------
Request: Request {requestId = 56, timestampRequest = 2025-01-17 06:07:01.3804707 UTC, contentRequest = "Request 56 from client"}
Response: Response {responseId = 72, timestampResponse = 2025-01-17 06:07:01.3804707 UTC, contentResponse = "Processed: Request 56 from client"}
Latency: 0.0 seconds
-----------------------------------
Request: Request {requestId = 61, timestampRequest = 2025-01-17 06:07:01.4914348 UTC, contentRequest = "Request 61 from client"}
Response: Response {responseId = 73, timestampResponse = 2025-01-17 06:07:01.4914348 UTC, contentResponse = "Processed: Request 61 from client"}
Latency: 0.0 seconds
-----------------------------------
Request: Request {requestId = 66, timestampRequest = 2025-01-17 06:07:01.9517788 UTC, contentRequest = "Request 66 from client"}
Response: Response {responseId = 74, timestampResponse = 2025-01-17 06:07:01.9517788 UTC, contentResponse = "Processed: Request 66 from client"}
Latency: 0.0 seconds
-----------------------------------
Request: Request {requestId = 69, timestampRequest = 2025-01-17 06:07:02.0457411 UTC, contentRequest = "Request 69 from client"}
Response: Response {responseId = 75, timestampResponse = 2025-01-17 06:07:02.0457411 UTC, contentResponse = "Processed: Request 69 from client"}
Latency: 0.0 seconds
-----------------------------------
Request: Request {requestId = 68, timestampRequest = 2025-01-17 06:07:02.6018405 UTC, contentRequest = "Request 68 from client"}
Response: Response {responseId = 76, timestampResponse = 2025-01-17 06:07:02.6018405 UTC, contentResponse = "Processed: Request 68 from client"}
Latency: 0.0 seconds
-----------------------------------
Request: Request {requestId = 64, timestampRequest = 2025-01-17 06:07:02.6480067 UTC, contentRequest = "Request 64 from client"}
Response: Response {responseId = 77, timestampResponse = 2025-01-17 06:07:02.6480067 UTC, contentResponse = "Processed: Request 64 from client"}
Latency: 0.0 seconds
-----------------------------------
Request: Request {requestId = 73, timestampRequest = 2025-01-17 06:07:02.9319446 UTC, contentRequest = "Request 73 from client"}
Response: Response {responseId = 78, timestampResponse = 2025-01-17 06:07:02.9319446 UTC, contentResponse = "Processed: Request 73 from client"}
Latency: 0.0 seconds
-----------------------------------
Request: Request {requestId = 67, timestampRequest = 2025-01-17 06:07:03.6941169 UTC, contentRequest = "Request 67 from client"}
Response: Response {responseId = 79, timestampResponse = 2025-01-17 06:07:03.6941169 UTC, contentResponse = "Processed: Request 67 from client"}
Latency: 0.0 seconds
-----------------------------------
Request: Request {requestId = 70, timestampRequest = 2025-01-17 06:07:04.5680119 UTC, contentRequest = "Request 70 from client"}
Response: Response {responseId = 80, timestampResponse = 2025-01-17 06:07:04.5680119 UTC, contentResponse = "Processed: Request 70 from client"}
Latency: 0.0 seconds
-----------------------------------
Request: Request {requestId = 71, timestampRequest = 2025-01-17 06:07:04.8229272 UTC, contentRequest = "Request 71 from client"}
Response: Response {responseId = 81, timestampResponse = 2025-01-17 06:07:04.8229272 UTC, contentResponse = "Processed: Request 71 from client"}
Latency: 0.0 seconds
-----------------------------------
Request: Request {requestId = 77, timestampRequest = 2025-01-17 06:07:04.901658 UTC, contentRequest = "Request 77 from client"}
Response: Response {responseId = 82, timestampResponse = 2025-01-17 06:07:04.901658 UTC, contentResponse = "Processed: Request 77 from client"}
Latency: 0.0 seconds
-----------------------------------
Request: Request {requestId = 79, timestampRequest = 2025-01-17 06:07:05.3441096 UTC, contentRequest = "Request 79 from client"}
Response: Response {responseId = 83, timestampResponse = 2025-01-17 06:07:05.3441096 UTC, contentResponse = "Processed: Request 79 from client"}
Latency: 0.0 seconds
-----------------------------------
Request: Request {requestId = 72, timestampRequest = 2025-01-17 06:07:05.4720815 UTC, contentRequest = "Request 72 from client"}
Response: Response {responseId = 84, timestampResponse = 2025-01-17 06:07:05.4720815 UTC, contentResponse = "Processed: Request 72 from client"}
Latency: 0.0 seconds
-----------------------------------
Request: Request {requestId = 74, timestampRequest = 2025-01-17 06:07:05.7541032 UTC, contentRequest = "Request 74 from client"}
Response: Response {responseId = 85, timestampResponse = 2025-01-17 06:07:05.7541032 UTC, contentResponse = "Processed: Request 74 from client"}
Latency: 0.0 seconds
-----------------------------------
Request: Request {requestId = 78, timestampRequest = 2025-01-17 06:07:05.7541032 UTC, contentRequest = "Request 78 from client"}
Response: Response {responseId = 87, timestampResponse = 2025-01-17 06:07:05.7541032 UTC, contentResponse = "Processed: Request 78 from client"}
Latency: 0.0 seconds
-----------------------------------
Request: Request {requestId = 76, timestampRequest = 2025-01-17 06:07:06.3282315 UTC, contentRequest = "Request 76 from client"}
Response: Response {responseId = 87, timestampResponse = 2025-01-17 06:07:06.3282315 UTC, contentResponse = "Processed: Request 76 from client"}
Latency: 0.0 seconds
-----------------------------------
Request: Request {requestId = 75, timestampRequest = 2025-01-17 06:07:06.4070781 UTC, contentRequest = "Request 75 from client"}
Response: Response {responseId = 88, timestampResponse = 2025-01-17 06:07:06.4070781 UTC, contentResponse = "Processed: Request 75 from client"}
Latency: 0.0 seconds
-----------------------------------
Request: Request {requestId = 84, timestampRequest = 2025-01-17 06:07:06.4693912 UTC, contentRequest = "Request 84 from client"}
Response: Response {responseId = 89, timestampResponse = 2025-01-17 06:07:06.4693912 UTC, contentResponse = "Processed: Request 84 from client"}
Latency: 0.0 seconds
-----------------------------------
Request: Request {requestId = 85, timestampRequest = 2025-01-17 06:07:06.6900298 UTC, contentRequest = "Request 85 from client"}
Response: Response {responseId = 90, timestampResponse = 2025-01-17 06:07:06.6900298 UTC, contentResponse = "Processed: Request 85 from client"}
Latency: 0.0 seconds
-----------------------------------
Request: Request {requestId = 81, timestampRequest = 2025-01-17 06:07:06.7381709 UTC, contentRequest = "Request 81 from client"}
Response: Response {responseId = 91, timestampResponse = 2025-01-17 06:07:06.7381709 UTC, contentResponse = "Processed: Request 81 from client"}
Latency: 0.0 seconds
-----------------------------------
Request: Request {requestId = 80, timestampRequest = 2025-01-17 06:07:06.9910883 UTC, contentRequest = "Request 80 from client"}
Response: Response {responseId = 92, timestampResponse = 2025-01-17 06:07:06.9910883 UTC, contentResponse = "Processed: Request 80 from client"}
Latency: 0.0 seconds
-----------------------------------
Request: Request {requestId = 82, timestampRequest = 2025-01-17 06:07:07.1951773 UTC, contentRequest = "Request 82 from client"}
Response: Response {responseId = 93, timestampResponse = 2025-01-17 06:07:07.1951773 UTC, contentResponse = "Processed: Request 82 from client"}
Latency: 0.0 seconds
-----------------------------------
Request: Request {requestId = 83, timestampRequest = 2025-01-17 06:07:07.6404666 UTC, contentRequest = "Request 83 from client"}
Response: Response {responseId = 94, timestampResponse = 2025-01-17 06:07:07.6404666 UTC, contentResponse = "Processed: Request 83 from client"}
Latency: 0.0 seconds
-----------------------------------
Request: Request {requestId = 95, timestampRequest = 2025-01-17 06:07:09.1094326 UTC, contentRequest = "Request 95 from client"}
Response: Response {responseId = 95, timestampResponse = 2025-01-17 06:07:09.1094326 UTC, contentResponse = "Processed: Request 95 from client"}
Latency: 0.0 seconds
-----------------------------------
Request: Request {requestId = 94, timestampRequest = 2025-01-17 06:07:09.2375659 UTC, contentRequest = "Request 94 from client"}
Response: Response {responseId = 96, timestampResponse = 2025-01-17 06:07:09.2375659 UTC, contentResponse = "Processed: Request 94 from client"}
Latency: 0.0 seconds
-----------------------------------
Request: Request {requestId = 90, timestampRequest = 2025-01-17 06:07:09.4606667 UTC, contentRequest = "Request 90 from client"}
Response: Response {responseId = 97, timestampResponse = 2025-01-17 06:07:09.4606667 UTC, contentResponse = "Processed: Request 90 from client"}
Latency: 0.0 seconds
-----------------------------------
Request: Request {requestId = 86, timestampRequest = 2025-01-17 06:07:09.5873734 UTC, contentRequest = "Request 86 from client"}
Response: Response {responseId = 98, timestampResponse = 2025-01-17 06:07:09.5873734 UTC, contentResponse = "Processed: Request 86 from client"}
Latency: 0.0 seconds
-----------------------------------
Request: Request {requestId = 87, timestampRequest = 2025-01-17 06:07:09.6506226 UTC, contentRequest = "Request 87 from client"}
Response: Response {responseId = 99, timestampResponse = 2025-01-17 06:07:09.6506226 UTC, contentResponse = "Processed: Request 87 from client"}
Latency: 0.0 seconds
-----------------------------------
